10739
893
2151
38
4722
3863
385
12596
15216
806661
1417711
205
43637
9058
9058
150161
4275
422861
564261
1936
5479
25409
1345
2151
826861
1155
58405
549111
12596
7114
478411
559211
1246011
4
4487
8536
15216
148
5049523961
13
16433
119861
109761
2
9598
7114
7114
723
70739
385
3478
4487
948061
41671
63221
39706
175411
170361
554161
1731
2043
2938
43637
37746
236011
8536
16433
1067
148
25409
4958
1249
289
331961
746061
145111
1731
647
94611
90
1160161
2600
261261
2553961
25409
33859
331961
4958
47717
2762
6419
771311
7114
37746
28663
68233
68233
647
9598
63221
1441
17783
4487
41671
129961
79461
575
11969
60715
58405
647
76
38
16433
2487
4722
13
148
3116
13
2043
28663
6755
174
23813
3863
190561
65727
271361
13
1731
9598
893
4487
614761
723
104711
337
174
5479
575
10739
9
5479
205
5208
0
594561
17783
3863
1249
448111
32044
723
135011
9598
2938
11969
23813
1155
12596
1833
148
2938
326911
126
1240961
289
30317
165311
16433
953111
14522
0
1059161
1731
9058
10739
205
887461
39706
29
5785
19253
1249
2043
205
16433
289
205
76
723
14522
174
440
1833
9058
5208
33859
8039
1190461
28663
