236770
210401
1159182443
191468675
56590
173594339
54349415
42472108
663208
40352888
193454723
379403443
903416
150297
3483608
5
194454
1136467
63041
392608
1199222443
736760443
7213905
136881573
16313227
402558
57560
1429951
12337471
2319518
925660
2683678
19085
1019372
211676
66307555
145293383
196433795
555947
338362443
2077085
689713443
13208
61865839
1187889
26958
285309443
216799
8678
198059
1575426
221755907
1055740
720744443
318345
1687008
14923
44675
57560
585074
1626649443
814170
219371
55200303
555078943
94438423
442466443
708213
10720010
849372943
60514
1194409
556079943
100360711
430454443
42048264
183027991
547692
390183
1314384
267230
358882943
52366
4922626
1214068
55200303
160188623
10720010
345625
33996643
834120
1092421
64333459
51
5749025
240965
3134971
11558
83580895
117547
2660704
364888943
240623363
38572
3789292
39081410
908885
876327
605128943
386910943
2261657
67294603
224567
368849
200492
133847
134907469
273393155
3946445
4265447
72653
1716238943
20943907
826349943
92957851
371074
543611
41550
293204
908885
265730
293317443
2338903
1922058
699093
12581
25996579
113713
8112924
195651
695
316480
185177
44275
7902445
7018
276372227
645669443
547
1442
520149
1474713
14057
690066
515
101010
77818
5063
1438862
34843340
814170
1369700
500001025943
8775205
1597939
1474713
2
10171
211676
172924
543066943
74932
20361
14706
85156
464722
881727
931285
1529259
1403747
196855
2637849
8021
164815
942758
97893091
62532
656
96664
194454
839304
40352888
13028273
12997
375399443
337611
1761
6309471
165816
9840880
931285
49718
93126
5933580
128491631
318842943
1111138
1292095
11
27551
663208
903416
1954477
78420
1136467
28453
350874943
35317
1013397
261308
89693
169845
10201934
19085
133426891
11760
555078943
262778
11
1253276443
523941
362402
890413943
56590
699093
158893
171892
78420
10201934
485509443
177214
7718
407819
14292073
2094830
360268
91477279
246706
1687008
1155631
1336359443
375741
142314335
42706
4401
600624443
32226
351793
5409
146570
185510531
1187889
43488
52647639
472496443
3172994
1155631
501264
799420
5995262
349700
338
264254
34
523547443
337611
3584337
12531809
122294
171892
11678848
262778
1938192
312774
2554945
45891
57917647
4508
265448963
36114761
119910
271937
1019372
188986115
375741
1162036
7289
16477
49283
69762223
93126
225894
619297
80237
523941
138362151
24687
469493443
1168454
11964
21153
523941
68
39310
1782883
27551
784770
14629771
479002943
3789292
347657
1007451
1117411
695
217783811
316480
149363
89503183
236770
6883
4318832
1817339943
155993
593612
36114761
4865656
1344799
386410443
28757
865634
248155
11125376
453477443
219371
417941943
380404443
1639662443
1306937
327835
158893
97893091
1810332943
678201943
4641039
2396
122294
882906443
6309471
158893
936986
26838691
3519
351375443
1058581943
2760200
170615291
6949470
1893724
141962
168132751
10405207
345625
343607
5291
117547
550574443
824056
160847
59519
2908385
51920
1065
106151
138301
12777855
39310
281337347
5687535
112952
501264
991014443
47117
234008
195651
3634703
10854697
51374655
538061943
202946
43319796
688712443
18354
375741
1483787
467697
293204
7902445
3259
839304
209839619
206860547
834120
2870752
93822
2130470
7718
2
329762
452974
1796660
2534729
62532
3345809
1621822
7015316
1321874
305424
5210716
129478683
1511037
10302661
8021
316480
378136
318345
143803859
3172994
22221
277861763
4479146
279919
63553
387767
400032
407819
127504579
516361
1336902
141817827
60514
703608
153734019
2983651
482747
3302388
55168
138301
72092
34962
39310
808331943
239563
205402
6754
12337471
220660
464722
288120
1769128
212953
402558
2435952
2106
103936
23852
200492
95949
4265447
8850
497930
1292095
167821
16930
2699
291815943
3096991
1474713
303651
22628131
854994
1810449
67184
300149
450070
252043139
409433443
103936
5176
3841574
7972602
42895952
617641443
1251274443
349700
461762
51798731
2595580
32896
347657
72653
698221943
59398219
3737280
3841574
2707199
170118783
1205228443
279919
11261719
2946018
457981943
195440771
18417571
125514
396420443
69762223
206634
24407
22221
323999
4372270
989629
160685131
267230
244098947
1325
63041
180048943
1609654
569593443
341604
1001505
525549443
1036059443
30597
240965
999022443
531555443
770205
17872
56476635
1879821
22492
6564748
2595580
353896
77231
284801
99373663
3302388
41930
79630
231189635
294930
6056944
460984943
455892
38233796
30597
87726
78152131
2534729
92464327
11995347
2397132
10561
586109943
312774
13784257
117547
273530
11964
354378443
39310
38657603
649918
694579
1168454
338
124049897
10302661
86434
8678
2130470
649918
310834943
2732078
441965943
1865926
41624420
331704
212953
343607
31470307
656
1053576943
245263
109912
1922058
48830216
1263151
366677
1609654
130959261
1369700
1988561
2166928
268771
248155
824056
236770
4318832
35676
3892
1412466
7832367
874898443
2514873
92464327
3797
1438862
190475651
38572
37118
9402
734758443
5326634
582
265730
11
576685
124049897
288120
211676
1089612943
5687535
185510531
1185208443
2796251
731828
33233
12788
144300367
366677
960195
25530
224567
1647420
181755
218776835
395069
171892
804329
2632654443
155223543
334358443
42895952
356880943
1055740
76654
1810449
2041667
887130
23852
794519
6949470
4951
2615921
1688711443
1388911943
128769
74932
50595
75505
48830216
4052509
649673443
5626352
576685
291487
311335443
455892
36538568
192461699
444280
189776
1136467
3893877
34843340
7346353
1104865
13208
61519
20624
8176
1277453
1299516
25575523
2475236
11833541
8862980
233672195
103321855
209138
246706
531528
1217
1174922
133847
470694
3685599
206860547
10201934
10854697
1289312443
36538568
458822
455892
24127
228555
13279758
31894
72653
89693
1182705943
903416
536560443
2077085
136388047
47982136
3172994
216799
1277453
6564748
13279758
854994
747771443
27849
9215244
155993
206634
164
1986508943
19085
3533972
79025
1191214443
1001505
826
38572
364537
50950579
416075
482747
10720010
36538568
971957
10171
88022611
69762223
202946
426950943
1162036
703226943
19840
13784257
105295951
1263151
53756
122294
452974
136487
2396
712932
212953
1043557
1248918
1263151
1566
1647420
438536
11833541
2203856
1031392
53288
251067
60015
11261719
65619
7346353
2683678
28757
22207075
645491
340364443
345369443
262778
136487
473997943
849729
30289
458982943
1142855
104802427
438536
151237
1403747
178559419
528051943
493517443
11125376
4189
8176
1115
301898
221960
30207139
79630
367891943
211676
179477
151237
3737280
56110
106897
551812
948537
3702
2983651
1503
175020
270414083
149363
235161731
164815
7346353
760555
638161943
30597
251067
42706
20361
10854697
209
90364
38657603
243821
56590
695
59519
948537
9391587
331704
58536
157918
331704
695218943
676539
111711763
16029
248155
1277453
303651
5765
353896
416075
30918
140829781
413437443
505030
27259747
1130079
5995262
400032
3344
401425443
289813943
497020943
258372
132991
26092
25575523
10956
8692452
240965
3584337
543611
42316
7081486
1015
1111138
303827943
1092421
124049897
103200
448472443
136881573
298400
351793
23579
597882
557581443
464722
14038122
43488
3519
45862860
9303338
580866
0
68775175
19840
5
278319
373897943
1660384
259987331
1227962
107643
392416443
60514
211329155
555579443
8463831
145789891
737
287311443
3841574
186324
1136467
9840880
5566150
117547
1035558943
1214068
2203856
63041
46706
44675
118621111
26092
327351443
9571249
8340
672074
746169
13028273
80237
214308227
2148613
931285
455892
2732078
48830216
1660384
789641
589342
6821157
10561
1325
1181393
659182943
7868
6309471
202946
8775205
1597939
193951235
1621822
745268943
1049645
960195
49678351
527734
2495051
1061835
28943971
84520
1647420
91738
479732
123902
138301
3021284
829352943
164657195
89996707
4979743
1438862
130453
2041667
2777
31894
268428035
185
32226
10201934
56051191
9661125
78152131
118621111
117140533
271937
518041943
1435958943
947470943
289789
34268
329762
10720010
51035
338
12531809
34
23049187
876327
1181393
3259003
8850
2707199
1621822
73222
58536
1284741
278319
7280118
547692
10720010
1970859
1221007
1540062943
883907443
5210716
1102125443
33921
67706
47544
387767
63553
5995262
450974943
1597939
3685599
93822
12168
1938192
138855677
2796251
1852037
1660384
58047
24127
239563
305424
4727
853877443
3483608
43488
100854235
7430
396420443
654348
296664
424439
119118
11995347
21364963
15050635
1647420
77231
2514873
5037109
305424
11156
1474713
91477279
16930
4751751
265730
1403747
245263
1586429
4105736
380533
19332
402558
36396
73791
55200303
62532
209138
322095
7280118
105411
294930
54774859
488512443
151237
43488
7081486
1155631
3789292
375899943
6754
62852887
989629
121496
93822
2732078
446470443
8253246
5749025
690066
619297
2999020443
854994
1201724943
737260943
138855677
2358312
1438862
242388
645491
221960
54349415
834120
17393
931285
895919443
123098
1122645943
261308
3610
1838156
189979139
897986
402558
7346353
1369700
667190943
867891443
1629
865634
1256023
582
1234918
854994
3389542
1565857
6564748
43881
18596
1263151
116647007
4158968
19580
781
2683678
107643
424
53498527
438536
914476
301325443
26376
9402
394918943
512536443
2683678
181755
2595580
402558
3176
177214
4294
234008
1369700
614997
93944899
299823943
1212735943
93126
94529
8850
2300191
3841574
327851943
58411171
3483608
5063
254525699
4532590
33921
160847
5037109
7153
355379443
22492
602156
10405207
4641039
411435443
844868443
5872005
98102
6182729
329762
745769443
7213905
614997
1575426
1687008
1310833943
265730
2358312
2833119
565088943
87035563
179552435
93944899
551812
425949943
676539
293204
779905
453477443
1382
649918
1547535
40428
274882691
25575523
592616443
903416
1325
414938943
187473
2663685443
200492
26958
1104865
209
132991
531528
1687008
15586
819113
17393
230196611
727093
112698811
602125943
4479146
908885
535516
322095
52647639
301898
19680739
347871943
656
160685131
1796660
407819
69877
275123
79630
3259
5037109
1414437443
220660
5037109
380533
64065
119118
38939
240965
164815
54697
1007530943
5687535
592616443
31049251
110672
545569443
193269
308832943
572521
353896
1687008
379403443
6949470
67706
193951235
39682
4586391
1112635943
16734091
220762883
1865926
303327443
291487
1824280
829352943
1575426
1403747
1025374
14706
36114761
249064067
1037469
597882
86434
62532
127948
2036
642165943
925660
124706
312774
3789292
89693
137387
1741711
67184
48413
485763
1520139
1241903
35676
195651
427228
905428943
46710548
2615921
234008
30918
54774859
38939
3172994
9216
212322179
13784257
321845943
8176
1130079
127134
76078
89693
17158
86048515
77165083
508805
247574531
905428943
491834
32560
1907629
331704
72092
8862980
5626352
39505217
3737280
1353086
1162685943
845869443
47117
81113275
134720
298400
9215244
456480443
1136467
29367
2041667
1769128
91738
4122142443
2495051
100360711
364537
4189
5386168
572521
4479146
505030
4189
284801
3946445
132144
152244495
476718
3685599
46706
10020648
29673
7018
1256023
4189
3999411
402558
294818943
240965
627900
501264
210832643
2699
30628195
9031
223262
1395028
14923
333667
16930
765355
457481443
25996579
4615
820343943
327851943
5446090
5268675
192097
21364963
147775923
2322
708213
203881475
4586391
337611
1985507943
6056944
2908385
185
21
663208
62852887
870979
194454
1139162443
83290
274386179
4922626
1361388
1118141443
2514873
305424
270350
535516
84520
804329
7868
2435952
1634612
233
870979
289789
31241
580866
325912
4105736
645491
2130470
274386179
105789475
494518443
242388
1092421
535516
146286399
9303338
219273347
146570
74203939
235382
1673545
1838156
291815943
46286704
66140
209138
264952451
501264
325912
1503
44591328
67294603
17631
252524
1136159443
235161731
1938192
2615921
12337471
722372
20361
31241
1501935
1106129443
120703
516361
26376
1256023
6253
1597939
18417571
196930307
676539
892556
505030
2148613
611134943
385355
73710415
41930
2077085
1501935
103
7482459
324348443
43319796
6754
21
6500727
467697
6436969
272400131
127948
187993091
21
232679171
180048943
166818
265730
151237
681040
214308227
8951044
10302661
574097943
131298
389413443
5506120
229902
766790443
2455496
145643
809332943
8393616
182895
6564748
82677
13279758
123
1483787
942758
6502
551812
3999411
25575523
147279415
7832367
1597939
1325
85156
53288
128985157
331704
4425708
305424
1194409
63553
52366
781
2077085
268771
14629771
288120
617641443
259839
393917943
551812
641080
98828
331704
8678
45079
126024001
1321874
632262
2707199
186007043
632262
741376
1675197943
3519
389413443
2475236
9127172
773797443
1166
93126
21419
73216891
1922058
59027
84567943
2455496
17575819
175083863
142880
954477943
26417635
327351443
13028273
64065
148272431
10365
65100
1087610943
1538397
40801
257504771
516361
11558
7280118
89693
19680739
56051191
881905443
11760
116005
2148613
750962
6754
410539
424439
444280
230196611
90364
589342
96664
475999943
1382
823346943
206634
98102
8340
515
340364443
543611
59027
86048515
24687
1353086
1065
339601
3797
10720010
190935
708213
2185243
13784257
1172695943
627900
80237
2935
6949470
53073083
8021
284801
245588483
4808700
8862980
227714051
2707199
16930
360268
50950579
255446
1010033443
8862980
2470
12157493
1231754943
351793
312774
2475236
176088
16313227
7015316
2113135443
64333459
45079
2338903
414938943
461762
415939943
5566150
58536
89503183
4727
13841
68786
1325
4532590
160188623
1353086
0
2031553943
233175683
576685
708213
1369700
1007451
512581
252524
407819
190935
60514
335636
227714051
170864
135597
172924
3797
8678
353896
7718
186324
1025374
273530
101738
925949443
45891
294930
95949
390183
9481416
27680803
68281651
1586429
1306937
3946445
5646
27849
497930
70425
1687008
1256023
119910
30597
115236
497930
1736258943
688712443
736597
190935
1520139
3096991
278319
244098947
936986
14038122
564227
491834
286457
43096
76178035
171608307
1634612
176076879
1221007
93822
8678
75505
1187889
262778
1529259
485763
380533
55639
234008
35317
2322
1970859
152244495
204174
309094
533557443
2683678
41550
154727035
11537948
573597443
382943
672074
113685859
779905
104673
3344
7018
13279758
1039062443
187000067
3990
173097831
1248918
682706443
449973943
319343443
6309471
1452475443
6757030
259490819
201719
246581507
163814
3302388
115166431
458822
1100123443
4695687
9215244
47134392
113685859
300149
681040
167821
3021284
2870752
360268
2148613
1565857
169845
25811
155993
203881475
16029
2796251
407431443
23470243
43096
4922626
6253
137375099
3483608
1092421
494877
741376
473704
1263151
116005
316480
632262
371074
165650211
256015235
1258281443
2377722
189776
192097
33154531
1234918
31049251
496019943
343607
5687535
107643
146570
1080148
865634
966068
268771
159870
453
7414135
1988561
246706
687210943
176088
11995347
1098623
215516
416075
750962
81113275
27254
270350
128769
620644443
366677
515
604127943
82065
77165083
10110555
11678848
44275
28943971
38206
127948
54697
116774
770205
619297
18417571
61016
32733475
2554945
8176
14038122
110231191
118331
322095
93822
459483443
8176
1511037
867891443
1597939
52822
318345
1720743443
667639
7289
1538397
101738
166818
19840
6628834
17393
3584337
91047
0
51
301898
1483787
52822
11833541
209138
551812
115659955
1609654
10720010
130453
7718
717651
737761443
324848943
1344799
1597939
3841574
387767
39929044
881727
709733443
865634
106897
3302388
10201934
450070
839304
897986
1174922
103815379
430040
1013397
41200576
796820443
597621443
115166431
11995347
10201934
88022611
76178035
29367
1638160943
192097
576685
154079
47544
1080148
5687535
362386443
789641
66307555
8393616
402558
7081486
199265
408932943
337611
444280
833857443
127134
837861443
3096991
2280924
2242390
209138
238140803
