1156
4352
2266
39560
4681075
577
39560
3179575
57
2266
57
18699
248516
711028
3680075
577
39560
4180575
4352
39560
233
577
4352
8720
57
2266
248516
4352
2266
577
1156
4352
5682075
233
4180575
711028
2266
18699
248516
57
8720
39560
248516
2266
233
233
2178575
19696075
248516
8720
18699
8720
2178575
2679075
5682075
57
248516
248516
1678075
248516
233
57
3179575
248516
2266
1678075
4352
39560
577
577
711028
6683075
233
39560
9185575
248516
39560
248516
1177575
711028
8720
4352
1177575
1177575
233
8720
18699
39560
2178575
4352
18699
2266
18699
39560
57
577
2266
577
8720
577
1156
711028
2266
18699
2266
8720
3680075
57
57
233
1156
1177575
2178575
3179575
4352
1177575
39560
248516
2679075
4352
4180575
248516
2266
233
2178575
1177575
711028
1156
57
8720
1156
248516
248516
2266
248516
57
57
711028
4352
1156
577
2266
1156
18699
2266
1156
1156
1156
500495171575
57
1156
57
39560
39560
577
248516
2266
1678075
3179575
2266
248516
8720
248516
39560
8720
18699
2266
39560
711028
39560
248516
4352
4180575
39560
711028
2679075
4352
248516
577
4681075
1678075
8720
2266
4352
577
1156
18699
14691075
6683075
23700075
18699
8720
18699
2266
39560
248516
18699
18699
577
18699
233
39560
248516
5682075
248516
4352
2266
3179575
5181575
57
248516
233
4352
1156
248516
6182575
2679075
3680075
8720
39560
39560
4352
233
39560
4352
5181575
248516
2266
233
2266
1678075
4352
57
711028
9686075
57
233
2266
577
8720
1177575
4352
577
577
233
18699
2266
248516
57
711028
7684075
39560
18699
2266
2679075
2266
248516
2266
6182575
8720
1156
1156
8720
4681075
18699
57
577
1156
248516
8720
248516
1678075
3680075
248516
12188575
1678075
248516
6182575
711028
248516
4352
18699
57
248516
233
8720
1156
1177575
711028
8720
1678075
1156
57
57
1156
2679075
4352
4681075
18699
233
8720
4352
4352
1156
18699
2266
248516
18699
18699
577
57
3680075
8720
11187575
1177575
3179575
1156
3680075
3179575
577
8720
577
233
3680075
57
248516
577
2266
57
248516
4352
2178575
2178575
4352
7183575
248516
233
9185575
1156
4352
39560
2266
18699
57
1156
248516
4352
248516
1177575
5181575
39560
1678075
57
248516
2178575
248516
39560
18699
3179575
711028
57
248516
248516
8720
1156
18699
1156
577
5682075
39560
1156
233
39560
4352
248516
8720
577
6683075
233
39560
4352
233
8184575
2266
8720
248516
2266
5682075
2266
248516
18699
1177575
18699
39560
10186575
1156
57
12188575
18699
1156
8720
2178575
39560
1156
18699
39560
8720
2178575
3680075
31708075
248516
18699
18699
3680075
4352
2266
233
9686075
2266
39560
4352
1678075
248516
3680075
8720
17193575
248516
233
39560
577
233
18699
248516
4352
5682075
4352
18699
2679075
1156
1177575
1156
711028
43219575
18699
57
11688075
39560
233
18699
4352
1156
248516
57
57
57
4352
57
10687075
2266
233
39560
577
4352
2266
233
2266
248516
4352
5181575
248516
4352
8720
1156
57
248516
2679075
711028
4352
248516
18699
1156
57
2178575
577
57
57
3680075
10186575
1156
8720
2679075
6683075
8720
1678075
18699
2178575
577
2266
577
39560
39560
39560
2266
57
2266
9185575
248516
8720
4352
248516
233
57
1156
6182575
10687075
8720
1177575
711028
2266
18699
57
57
233
233
2266
57
18699
39560
18699
1156
233
4352
4352
18699
57
4352
1678075
1156
9686075
248516
57
4352
39560
577
4352
57
1678075
1156
6683075
577
233
4352
2266
18699
233
18699
39560
248516
10687075
233
711028
577
39560
39560
4352
18699
711028
2266
39560
1177575
8720
18699
8720
2266
711028
4352
1678075
4352
577
233
57
39560
577
4180575
1678075
18699
7684075
1678075
8720
2266
3179575
248516
39560
18699
5181575
1177575
18699
2178575
1678075
18699
248516
4352
57
1156
57
8720
9185575
1156
2266
39560
39560
4352
711028
18699
11688075
5181575
233
711028
233
233
248516
248516
8685075
4352
18699
57
1156
8720
39560
39560
8720
18699
248516
1156
18699
577
18699
18699
2266
1156
248516
577
18699
8720
2178575
4352
4352
39560
5181575
2266
2266
3179575
1156
4352
2266
577
9185575
1678075
1156
3680075
4352
4352
4352
8685075
8720
577
577
57
1678075
233
711028
4681075
5181575
2266
39560
711028
1156
711028
12188575
233
57
4352
248516
8720
18699
577
711028
233
57
1678075
57
57
39560
18699
39560
18699
1177575
13690075
2266
2266
2178575
18699
18699
2266
577
39560
39560
57
57
39560
248516
4352
248516
711028
18699
8720
233
7684075
711028
4352
233
57
248516
233
2679075
1156
39560
8720
8720
18699
577
11187575
1156
4352
233
57
18699
2679075
16192575
39560
1156
248516
2266
2266
8720
1156
2266
577
4352
8720
8720
248516
16192575
577
12188575
4352
233
4352
18699
711028
6182575
10186575
233
3680075
8720
39560
14190575
4352
29205575
18699
2266
39560
39560
1156
57
10687075
1177575
233
248516
3179575
1177575
2679075
4352
7183575
39560
5181575
2266
18699
39560
57
1156
248516
8720
248516
57
248516
24200575
4352
2679075
18699
57
39560
8720
10186575
39560
8720
233
711028
18699
8720
248516
233
18699
1156
711028
57
4352
1156
711028
57
711028
2178575
2266
1678075
233
8720
233
39560
1177575
4352
577
2266
577
18699
3680075
711028
8720
1156
4681075
9185575
57
1678075
577
2266
577
233
18699
2266
711028
18699
1156
39560
4352
8720
39560
233
2266
18699
1156
577
233
1156
1678075
57
2266
577
7183575
13690075
7183575
711028
18699
248516
248516
233
711028
57
711028
39560
39560
57
57
248516
4352
233
711028
1156
4352
1156
577
2266
577
4352
2266
8720
1177575
4352
711028
18699
233
2266
39560
2266
4352
4352
39560
8720
233
39560
8720
18699
7684075
1156
39560
577
1177575
57
1156
18699
2266
8720
4681075
39560
4352
4180575
57
18699
233
2266
2679075
4352
39560
248516
1156
10687075
1156
233
18699
4352
1177575
2266
39560
2178575
18699
248516
4180575
248516
8720
577
2266
2266
39560
1156
233
233
57
233
57
2266
18699
4352
8720
1177575
18699
8720
18699
57
2679075
2178575
2266
1156
248516
7183575
2266
18699
1156
5682075
1177575
233
577
57
4352
18695075
7684075
4352
18699
248516
1156
2266
18699
577
18699
3179575
1156
248516
2178575
577
3179575
2266
1177575
39560
248516
233
39560
2266
9185575
8720
39560
57
577
39560
233
248516
1177575
39560
39560
711028
2178575
248516
4352
4352
3179575
39560
39560
18699
2679075
233
57
57
577
8720
2266
2266
18699
57
233
4352
57
1156
2679075
57
8720
4352
39560
39560
2679075
39560
39560
8720
711028
233
1156
39560
57
8720
4352
8720
711028
2266
8720
2266
2178575
4352
2266
577
14190575
39560
1156
711028
4352
4352
4352
233
39560
2178575
1156
2266
248516
233
3680075
1177575
248516
2266
711028
1156
711028
1156
18699
39560
57
10687075
1156
57
18699
7183575
39560
711028
1156
39560
9686075
5181575
4352
7183575
57
2679075
577
248516
711028
1156
248516
1177575
2266
2178575
1678075
1156
1177575
4352
577
248516
1156
18699
2266
1177575
39560
2266
57
2266
2266
39560
577
248516
4352
577
57
2266
39560
1156
39560
1156
233
2266
1177575
711028
1156
1678075
4352
18699
57
8720
57
18699
248516
8720
577
39560
577
1177575
233
2266
4352
4352
18699
18699
8720
4352
8720
711028
8720
1156
2178575
2266
2266
5682075
1678075
2266
18699
2266
4352
18699
1177575
1156
39560
18699
577
39560
4352
2266
3179575
2178575
4352
2178575
233
15191575
577
18699
18699
4352
2266
57
2679075
17694075
8720
39560
4352
8720
1156
577
18699
233
1177575
9686075
8720
3680075
711028
9185575
4681075
2266
8720
8720
4352
39560
233
248516
1177575
57
8720
233
1678075
5682075
577
1177575
577
4180575
248516
18699
18699
57
4352
233
577
57
18699
1156
57
7684075
4352
39560
2178575
57
4180575
2266
8720
4352
1678075
4352
1177575
233
18699
57
57
2266
1678075
4352
1177575
39560
577
3179575
5181575
4180575
57
1156
3680075
2266
1156
577
3680075
1177575
4352
5682075
2266
8720
711028
2266
2266
2266
1678075
18699
2266
2266
4352
2679075
39560
2178575
4352
577
1177575
711028
1156
4352
39560
8720
2266
711028
6683075
5181575
18699
4352
8720
233
57
711028
1177575
577
8720
8720
2679075
8720
39560
1156
577
248516
57
8720
577
1156
5682075
8720
4180575
8720
57
39560
711028
1156
4180575
57
18699
18699
18699
577
2266
18699
1156
4180575
8720
39560
248516
577
1678075
248516
4352
4352
1156
577
39560
577
248516
1678075
4352
1177575
39560
2266
1678075
711028
10186575
711028
248516
39560
711028
577
18699
9185575
2266
39560
233
1156
57
39560
39560
2266
233
18699
248516
18699
1678075
57
711028
1156
7183575
2266
39560
4352
14691075
2266
1177575
2266
18699
5181575
4352
577
18699
8720
31207575
4180575
233
711028
711028
577
2679075
4352
8720
2266
39560
39560
577
18699
4352
1177575
39560
10687075
2266
4352
9185575
4352
39560
1177575
3179575
1156
4180575
18699
577
18699
8720
4352
39560
2266
18699
18699
7684075
4352
57
248516
11187575
233
57
2266
711028
1156
7183575
57
1156
8720
2266
711028
8720
711028
8720
4352
1156
233
4352
4352
248516
1156
3179575
1678075
57
248516
8720
57
1678075
248516
39560
248516
1156
2266
577
2266
18699
248516
4352
18699
39560
711028
711028
8720
8720
2266
3680075
18699
18699
248516
1156
711028
18699
3680075
57
8720
1156
711028
8720
2266
57
18699
57
2266
3680075
233
248516
39560
4352
2266
8720
2266
1156
6683075
2266
2266
4352
577
1177575
2266
4352
8720
39560
233
39560
248516
4352
2266
2178575
711028
2178575
2266
4352
5181575
5682075
18699
248516
57
2266
233
57
2266
3680075
233
577
1177575
248516
248516
3680075
577
4180575
711028
577
2266
4681075
248516
248516
2679075
8685075
248516
1156
2266
18699
4352
3179575
39560
4352
2266
1177575
7183575
2266
57
2178575
248516
4352
2178575
2266
233
233
577
4352
8720
3680075
2178575
57
8720
233
4352
18699
4352
8720
2178575
1177575
57
248516
248516
18699
3179575
577
9185575
8720
577
577
12689075
39560
57
39560
57
18699
248516
1156
39560
8720
8720
233
1678075
39560
3179575
7684075
18699
1156
39560
39560
39560
57
248516
2266
233
577
57
8720
57
248516
1156
233
233
5181575
2266
1678075
4352
2266
18699
18699
57
711028
39560
4180575
4352
711028
1156
39560
2266
4352
11688075
8720
5181575
39560
4352
3179575
57
711028
4352
4352
248516
39560
2266
8720
4352
711028
13690075
4352
577
233
4352
4352
39560
8720
1156
2178575
1156
4352
1678075
248516
57
3680075
4352
248516
711028
3680075
577
577
577
4352
2266
5682075
57
57
4352
8720
30206575
577
3179575
18699
4352
8720
711028
1156
2266
1177575
248516
57
2266
57
248516
3680075
18699
1156
233
4352
1156
4352
39560
8720
18699
4681075
248516
2266
57
39560
39560
4352
18699
12188575
9185575
57
3680075
4180575
233
3179575
39560
1156
2178575
5181575
39560
39560
39560
57
1156
8685075
39560
1678075
2679075
18699
2266
711028
57
8720
4352
248516
57
3179575
57
2266
1156
57
2679075
233
57
39560
4352
248516
233
248516
8720
39560
39560
8184575
8720
39560
4352
1156
248516
39560
248516
248516
577
577
57
2266
711028
577
2178575
2266
2266
577
248516
711028
8720
2266
1678075
39560
4180575
577
18699
18699
577
12188575
18699
233
248516
233
1156
233
2266
4352
711028
248516
57
1156
233
1678075
1177575
711028
711028
4352
711028
233
4352
4180575
2266
3680075
233
1156
2178575
18699
11688075
711028
18699
2266
39560
248516
2178575
1156
18699
57
248516
711028
1156
248516
57
14691075
4352
4681075
3179575
15191575
577
1156
8720
5181575
577
18699
57
8720
233
4352
1156
2266
248516
577
3179575
711028
4352
4352
8720
18699
577
18699
711028
1678075
248516
4352
18699
8720
57
2266
19195575
39560
4352
18699
2679075
4352
248516
4352
39560
1678075
8720
57
16192575
1156
57
8720
18699
1678075
4352
39560
18699
577
18699
8720
2266
1156
577
4352
8720
233
2266
6182575
1156
4352
2178575
577
233
3680075
39560
8720
18699
1177575
6182575
9686075
9686075
2266
8720
2266
577
39560
57
8720
248516
8720
6683075
2266
577
4352
18699
18699
18699
8720
18699
1177575
18699
57
6683075
18699
2266
5682075
233
18699
57
1678075
2178575
1156
18699
711028
233
4180575
57
3680075
2266
711028
711028
1177575
2266
12689075
39560
8720
39560
577
233
3179575
1177575
18699
233
4352
57
57
233
3680075
4352
2679075
4352
18699
18699
711028
10687075
1156
4681075
248516
39560
18699
2266
8184575
3179575
18699
711028
577
2266
1678075
18699
18699
39560
14691075
711028
4681075
233
1156
233
248516
