359
5359
359
359
359
359
359
359
359
359
5359
359
5359
359
5359
359
359
5359
359
359
359
359
5359
359
359
359
359
5359
359
359
5359
5359
359
359
5359
5359
359
5359
359
5359
359
359
5359
359
359
5359
359
359
5359
359
359
5359
359
359
5359
359
5359
5359
359
359
359
359
5359
359
5359
359
359
359
359
5359
5359
5359
359
359
359
359
359
359
359
5359
359
359
359
359
5359
359
359
359
359
359
5359
5359
359
5359
5359
359
5359
5359
359
359
359
359
359
359
359
359
359
359
359
359
359
359
359
359
359
359
359
359
5359
359
5359
5359
5359
10409
359
359
5359
5359
359
5359
5359
359
5359
5359
359
359
5359
5359
5359
5049995259
359
5359
5359
359
359
359
359
5359
359
359
359
359
359
5359
359
359
5359
359
359
5359
5359
359
359
5359
359
359
359
5359
5359
359
359
359
359
359
5359
359
359
359
359
5359
5359
5359
359
5359
359
359
359
359
359
359
359
5359
359
359
359
5359
359
5359
359
359
359
359
359
