9550909
10876
13928584
446257
684553
9378178
22331688
895742
29154935
993171
8897698
1396958
43735330
9832366
11504022
11610393
12981578
17221854
755532
31012847
14417843
2531277
10541092
18620121
19045751
16027272
6236252
20409193
27822744
305344
8700670
27633487
15850662
12658467
36126220
23986958
40991
15140531
0
36424390
4779846
25269383
4951425
11913293
2168077
32225301
14111074
23208663
3115494
38632632
1653249
7031902
23969246
28005964
1344743
25492252
43060355
5278905
36106960
34718781
111043
19628055
8832646
26730
8462302
239271
13663849
0
4537702
4160319
540409
8228809
1674108
8542252
22675496
275622
46207754
42451310
7561948
327352
24836347
4664206
3354803
1058834
15007379
15118130
34554837
4890105
232672
2016937
2100537
8422951
27842508
37729548
39061333
29437343
34994791
45733889
36830832
162859
23085716
3787619
9607498
0
1147000
23593767
62127
8589325
36513670
16765554
43486335
25568318
5086395
148939
117399
476353
6267036
33261941
27490181
10450190
43370245
18292141
1812182
33309901
12531324
6179932
327863
47181209
1244266
10320373
38959049
10350000
36415300
7006520
6175868
15965154
2248277
6214492
27247572
27807354
5380365
19458175
6769571
32674893
12106043
8796025
6644914
17851321
5588952
2593562
7278877
35366800
45148974
24426014
23852390
14692283
2312637
3138155
44992874
32403325
3111883
956732
33795309
22178607
18796077
24509453
17904145
13381614
34804153
35880520
42771555
1062474
19460283
32012781
31473759
14973920
20321339
36283090
152279
350263
11466774
41546090
33916837
8893993
4445031
14968676
142563
14021039
6095461
4374210
54091
40607692
1322188
21637807
28005390
6791773
35266450
128943
141307
7798210
39140048
8235049
38381290
308977
17229714
24609901
7412299
1926972
41435640
3892269
28297638
12353643
5007615
23906246
6503492
30359915
14510355
10737860
5984140
994614
37448449
6947468
15848806
15302910
17295723
6333436
5550
10550939
8085679
171914
8624191
35517550
32382
36009850
42859050
18591725
16952574
37563746
6183036
26814652
331307
1705116
1317989
16968414
13351922
7715218
12376343
37295751
23936
147751
3145835
21096955
8973436
1722031
3609994
204058
32529077
21274299
14732012
2652593
34392829
18784855
18177937
32092861
11790493
1329065
22812959
2413
32042261
34180397
37933388
2033581
41735030
17145474
6851137
355450
22064012
25881196
5284185
17202594
15649924
5828675
1531736
6482801
257485
19391091
9703891
16096002
36640915
2388777
44195374
460457
31744952
4921605
25482470
46832609
1365990
29282867
1271293
38225225
29624075
11851043
3215699
2025924
25823453
24589169
33772077
20818703
31484809
13444338
13571750
44869974
20551359
41941454
1215926
341884
11959993
5148735
21290107
7310253
611913
1300244
11421990
9079399
11793293
28658193
45318364
22808198
15497674
1025502
793962
40007116
1712035
41447484
923966
44306374
20602323
7782
1218643
63787
379845
24478355
6643
26836377
1623749
21573847
33964093
2604335
13966259
245389
20311419
1702702
26454057
22943576
20226479
3639669
72891
19054245
12012893
17501232
4564918
1459874
287501
12578652
736137
2070384
76515
30587471
25441663
23370969
5461515
32813229
45794789
36983803
16583647
22017017
799812
15016727
46726979
43576490
20472247
14397459
1014881
36994632
4954275
35950540
364060
18548015
39029301
2767564
21840932
216148
15515132
37505415
809222
19369949
68963
5609009
21551032
5500335
28988783
18098267
35263660
41648174
24074150
9916001
40308600
835782
16966734
17563635
24169622
754902
15408470
41092916
22787084
3037777
4813782
14626277
971929
42308525
25319096
14755439
1779474
4825486
8651374
18689871
4415115
35206967
3947269
46966169
38187369
1581287
1760009
28186118
32922349
964324
113635
4553774
15525050
1401214
9469477
25301430
8098627
16377265
34915492
37463646
33295909
833412
2348397
7814785
3667119
1462100
1415872
6681362
6739646
1081142
183314
2599736
88735
36777779
2535057
8714710
396547
8960917
12450693
2489437
41267286
771174
29875907
28293948
2604104
0
2937198
8473
43360935
6597971
35822560
43995754
33990669
2571977
37736
477745
21028091
32607309
30018707
6426940
2465257
24124262
311868
31152884
46640984
601385
34756093
22651492
2409677
14191044
29678927
2061815
4786342
2776012
36261490
966794
164319
790614
19902095
4320319
899858
17502879
31052159
23739854
12548919
10076348
45941264
366069
558889
1478606
40524064
40027724
537737
186119
21376443
19258659
8530
1412876
97071
1186819
31021499
2969421
41022510
39426789
322795
20433373
2775176
34312485
13572068
41079380
39430429
1957144
16066480
2422097
5677178
25910574
10168110
7864705
26684781
47230244
11507478
36310630
31598966
22263042
8612803
4292744
30692471
19721799
10630833
11592243
22253942
20298337
5009985
45574057
16403166
2946881
14401659
3583894
147715
8108923
34555101
46222034
5336445
15761806
591065
675297
10199930
6314140
16804014
40852088
1108364
773640
8749966
13679833
33189869
7719274
37283739
19726883
16689234
6546095
22539292
4422567
326743
225418
31622543
1797715
33723237
6939328
10950313
38449904
5663197
37283193
6971481
2558717
10393387
128331
5889063
22773008
47071064
8056234
11280627
8287582
669129
19074953
38552552
21251195
10777420
34111317
14918117
21382843
9565963
10755232
6883789
30081539
14980361
9492721
1040166
29535707
33383117
14070154
32112749
25801626
8974060
23820278
21010555
22938815
25090533
24249974
16535149
2787760
21463419
783351
22463676
31037879
4033294
780795
11233858
31181869
0
17057154
98831
9568459
756558
42853065
8431609
29919923
2381057
8280835
44589374
13700515
3633444
215554
6685476
14168824
11825993
18817405
27727260
26485335
39792848
100823
6096298
1381264
24264374
116259
37857858
13461722
5273415
104303
15510260
21859912
13131598
2049275
24671805
96863
36055930
22472448
5471175
676449
1047979
33933293
21334203
45176820
39883376
480585
3554795
39703976
265479
44506774
3029842
5692771
24494488
1529412
7032013
18268457
6052433
956615
21049275
29370731
2202777
37704
151227
32945141
32119349
25628032
6640188
14453739
27146
43381550
8907526
1359550
23834102
4354943
14999342
6893149
21828647
3343859
38450996
17107854
38419874
10278061
598193
1321278
35308030
5734652
5913088
3373715
36072
26468409
43431425
22611304
386810
1525646
3273275
41160878
81735
13241890
34047253
16536329
14292851
4569062
15438456
3946144
1315818
43847147
1437810
2313177
36531130
47019824
893990
65635
38177723
18374539
885878
374308
11351766
6782486
108655
46034294
4345479
220594
2987062
3401075
3594194
5367975
9898070
466993
30521279
105719
19158653
20204593
1237948
2301597
11815243
27082857
247083
22577576
9731233
31399129
7315323
15610252
9621898
45192018
17508979
6103955
832912
3644819
46680779
19553097
4755206
10275223
10928758
40155604
26680647
29321843
24500839
18625639
29825591
32679293
9188989
33452725
10585984
19482107
12525663
2754518
10833449
1534088
32322277
33274701
7587376
4258019
20305281
72463
29666579
1226014
1340362
22457012
4154494
9754921
1963946
10597293
4830045
23064878
27014
2991892
10206
4655106
11848193
1278794
36634181
901346
5741689
1127305
11232688
6433148
31940181
219850
1256148
12761946
38280644
54983
45409107
2119557
17684293
1997044
19736
13093794
39371643
22699092
2929976
2276537
22881683
11580
2732738
219502
2486037
6936997
45604425
28780618
33808773
27148664
770598
6140060
43092085
3367763
26261099
673777
29772587
20413533
9467605
35570920
34134461
57963
3608294
6678302
11628993
11805143
871142
184034
15781932
223102
27140843
35597110
30923975
10251229
6635492
15590010
13460132
18791799
6492437
41131362
42300070
12172943
4300819
7352905
31382384
16045832
12812895
955705
3427619
12582885
66339
6738142
19625203
14177569
33060245
14973977
506153
5849228
24339542
20496861
45851069
4216269
8765644
5824645
861182
43146330
3640544
2826154
96543
9230836
19515649
10079100
7288682
1653504
30714983
33032613
12825594
42102476
39171352
22069862
25519043
8875351
2604062
9763825
7387865
13123174
494841
23434
1281316
9707419
3004933
34423013
46011824
15353660
9638578
4239644
36195790
2736082
28955333
1334109
11665693
5124165
18916481
1499802
33236949
316292
39476384
1378268
8146324
9191719
18580565
5279805
1272346
6767646
13909279
31082334
7800355
4961655
37677678
12263643
36320800
314325
12340193
1006834
41766238
124527
25615476
27758835
40460124
12047543
14643548
577561
14443099
8677894
26743905
27235090
31078424
5533095
45494289
1797188
15254
30220979
20749635
19420045
21137211
5948242
14933735
78795
30604775
41558028
40917324
35641030
31221479
20176
7180605
45908399
9375643
45557833
2702356
1837957
2734696
38942305
3972669
5377095
53443
37382019
30929015
4072844
1437936
18399587
1619749
6716382
1264208
12028193
414337
5274165
24762106
46738739
42541370
27435276
30156467
37207754
22683112
1682149
23031344
2460957
831372
1983611
22328562
23315731
684057
966
10560399
106691
4038069
6033740
14741759
1770311
1710403
7261117
6662628
5709914
17036694
30048191
250660
20298213
7336147
11307511
7668184
16338443
7406295
7138129
37857494
1672782
25039287
28665829
7992274
43100825
78351
1658179
16603176
6482076
27056076
47299124
8314960
24917815
27262740
42731655
28167012
427209
4669162
37211030
3865894
224350
28556103
4047819
2117717
43209030
8752813
13325246
12582120
790173
45864194
10208788
334226
39658566
6431804
29577203
19790247
22341888
2453557
848198
2759666
940599
8568382
26259807
99231
38192738
62651
4539326
5733908
4599442
42198895
2152057
2139777
26940815
30418631
221614
5970
27099052
11592843
13730431
4238344
1338035
255581
4590230
27681677
46667654
24089846
15010172
1301583
8292379
32459205
32784717
2055773
30099851
16128714
2891773
2192157
1007354
633761
16174070
10256819
248497
32903341
23682470
32906421
19322891
28788503
33576893
43054275
32541045
41358184
28870590
12391143
12772
759501
4328631
11344326
6172668
39587950
21871547
5112735
3106639
12708702
14591275
399634
20183947
5559015
32775477
32124365
10049301
8631601
33386197
13453878
30659963
14492827
6839725
0
37496406
27424453
9330520
24339398
22995947
28208750
3233987
23867582
8137510
688881
2605175
31955845
137483
9410704
1433386
32790437
12405193
27069348
8503369
24203318
863858
3603469
398353
981146
2985038
41787012
23015198
409737
11604093
18386071
16125814
41573256
7577860
15660364
20472123
19592219
6308828
9633378
39394939
32330285
16164616
1213781
1437362
1258618
1136184
5964052
36422
22440216
20138253
9444205
16748874
44042581
4692570
3478907
185759
10313149
7426853
13646353
3986
24128798
1253964
137219
6045458
28127160
46498184
4467711
38620438
1428500
713
30753875
1424650
7847194
19166589
29240531
16196864
33553661
10296723
3585244
25354209
94799
11633843
7621462
74359
10213647
26798895
4333051
13120470
28042618
41943
37373192
309789
11542230
276175
695977
7543735
5892876
17735195
3130643
3424547
31472654
3187331
17219334
31156
2196977
3420731
4685990
16748814
17287854
33135661
19198209
5134065
23161133
19325557
11558694
7047553
6347356
1447960
5373255
41993530
20913723
768159
3030233
26079729
8095975
1171973
12842374
32696101
44277374
26039004
9935050
6485870
835562
18160267
20323819
42668290
46470464
9463627
14538579
15370
22560100
6228956
35102837
315522
13817317
24646693
24678229
46015709
18885853
8502472
34873128
15679852
823922
2103178
11393142
35831020
38455182
43968203
13656289
25236022
41194906
33048805
25736510
33667621
13581715
10774625
6637637
145303
8876950
6380380
126855
13462517
40156800
3109767
9243355
3991819
5578785
1629398
5222505
115335
179424
16679935
12640005
22677332
279395
40779238
32097085
37660388
24039014
8626843
2140157
18116309
7365711
29055983
38944216
5336025
18419613
1405148
23957294
1010188
15154439
27873774
783558
10713436
4956975
1902956
7777423
17200794
1720263
2838574
10602453
26642817
4288644
674337
32026949
13237886
22831865
26559669
38948584
44389074
2038483
855806
16411131
18642007
8923594
124999
845572
4326344
11863893
17281854
25266974
27676463
3799494
4874925
367546
8231578
5625191
7907059
1335448
29680019
233944
38753480
283063
14031159
20508765
39443715
1859047
11220808
46878389
8496037
29506811
38583856
7398695
77147
13953279
13178710
1617733
92547
15793010
24151694
19682553
5205555
11339622
25930480
44948774
1955529
673129
41466472
15261904
13552458
17963293
39694511
17525449
12923494
10980238
23350166
25323622
7709953
8786353
2993893
41953016
39123850
315900
5612450
4697610
17336898
41948786
37773410
32044725
45745124
35054
386999
1164784
37585768
27999405
695361
876830
638177
2614520
15829956
2192197
30877607
31763918
2453557
989115
44684774
1610373
11241241
29198447
19849767
21654837
264625
16798794
1054219
34421957
351894
15175472
8759872
8670562
41100624
402154
6635525
5072115
40410168
38279916
5781865
30042
297903
3068321
897626
32162997
2023986
39157793
39875740
4940265
914606
24841019
15407426
14626220
31173539
23033414
39401127
10321276
41345494
46506269
17757949
16574384
33757469
23233513
1790082
4046869
1321837
913826
40116412
497473
10640723
5622494
11700
6516395
6276220
380251
20213459
186670
31773509
15149138
45754679
1326439
2756190
2452597
3610844
381490
44316074
1860833
504649
7450486
23413427
24676623
124639
457633
45876689
2715930
7076117
1145713
40431604
34132261
28241714
42619175
2144457
29216927
5076735
819942
44053274
6798433
12704010
1624581
25755855
19130381
21995567
41720366
39925328
9190510
25772791
11765043
43194210
45089674
17648364
27753489
6052278
1936890
37559196
42303300
4188519
36329710
23455317
2608283
13846477
18953185
593905
5329725
681313
4952475
20490661
47234339
10114446
400551
213622
1811757
33452285
23361739
7907917
2573297
3942694
1115579
38694694
262357
21500219
35029679
13668655
33444453
2627582
28198582
25137983
23166942
568769
922814
8417530
5551455
23203062
17019654
9824239
365586
2934277
32211749
26600853
2920063
33182301
5847864
4541370
214636
26111304
2135337
14279971
10556615
195052
24846786
7029053
744300
43512175
29195423
21827152
30235091
14144679
10139171
333218
3645444
661601
2197337
25284129
10188105
43317805
5846903
10372102
13491985
18539645
33709597
33425093
7892356
21913147
26439549
2129157
3408851
3315611
45439801
35062253
28315104
116507
16516859
23235856
1280627
6638726
437625
11614643
6501644
38879242
499081
6899773
46932989
39760556
12117293
24968258
20067263
12760416
22201942
13914504
13649863
28212850
24374822
7310660
18052449
21305467
18160577
35559760
45989144
40705072
5689733
33960925
2314057
7173427
46604339
9636578
591873
387384
30891971
11604893
74459
2602
1534578
21509627
884534
8211298
11090758
258332
45745124
2815524
24955045
147499
42138666
237808
10017653
32166957
16643296
3222923
420145
114643
40187988
28229414
1644358
4127719
27229244
18792667
21284155
17669104
6954905
17333055
17265834
37457822
2797858
6124540
23026169
7381367
3608119
2325757
391892
24789116
3043366
1069299
2436557
12318443
7533322
3634194
12763425
2850672
7851406
31870221
16683594
5325495
47131439
25937529
944785
1617909
15395536
8335279
5736512
29872883
364067
28176278
8071249
2174117
20821369
22126997
9245305
17231634
11447094
2121557
23031275
2935220
10710082
6558932
80943
13603477
31649687
33472789
602361
16393431
3390491
42582790
45161826
3352163
2108277
18476591
15191261
8471
31533684
16436088
6050232
17952195
1906509
1243837
15551208
8573335
5916095
31193769
8175145
11668443
4981035
20199509
26346447
777978
1364212
1150081
1213703
25337054
11182288
50923
35181157
742401
31930325
4692906
17292856
17877361
13948824
28799127
18504863
39574846
7006076
12929318
305757
17612130
2440337
20374349
15978668
17259774
10695376
158159
20082577
5721787
2473217
8108650
11028343
42606350
705553
1665387
22043537
18455883
25200179
425753
27765315
14221844
14740562
42702775
40749440
2050263
11597893
23733806
6345852
8282005
858542
8986813
11609543
3630119
22556224
23283142
7402305
34299373
25054106
9555706
725202
12151293
17327443
668425
2428197
10326135
995173
1563797
17251494
5411595
7352867
3158459
602945
86799
14485043
1930696
45195486
4485370
46429724
11078068
43956563
11202853
26153863
35867380
9687532
7517215
4834305
11661993
23566503
14212549
2570737
959839
7971253
11289698
931346
10174646
18313221
6513656
10861843
29482703
606745
808632
3128052
20856027
12386793
41367302
4207919
435609
96263
12510720
373986
260691
10933483
657033
32165197
38586313
16010510
2840713
2611181
18765945
46984229
31901813
7416479
13399659
19629109
28293292
42104732
4620106
29325707
15212836
24348686
4034394
39403766
5705419
44792774
651041
7775239
39139138
8254315
11861243
9196009
10794835
16743294
12459618
12227143
24843355
5939562
8349163
406298
35280940
18472809
22032812
117855
2816977
1064541
174824
9177289
4914555
5452845
7161661
20860987
20836621
20825399
19678
41879226
3620
8373187
4149569
10235964
14050794
25554010
6933937
12193293
3379331
6537218
138403
7507855
42027746
14912417
21085883
4380204
13100034
327310
40642376
10232309
2786044
677273
19140487
32327293
15403192
9864
23148437
