17466
971
2662
22
5104
3870
446
22085
26576
705763
1645063
165
119963
9801
9801
261363
4649
392663
544163
2047
6135
41030
1387
2662
736063
1231
130063
529013
20803
8381
523963
544163
1225913
1
4433
9801
23480
98
5049539213
7
24981
210863
210863
3
16421
7726
8381
911
195713
374
3870
4649
806763
94713
170463
84613
276513
281563
534063
1556
2414
3234
94713
79563
316913
9801
26576
1091
119
41030
5370
1307
278
387613
630013
246213
1645
745
215913
34
1135013
3080
311863
1937963
38338
66304
382563
5370
119963
3080
7726
640113
8381
84613
48006
185613
180563
745
12475
175513
1468
31530
4649
99763
220963
200763
520
20803
140163
155313
607
34
14
23480
2930
5104
7
78
3551
7
2047
51625
7726
78
41030
3870
291663
190663
382563
7
1556
12475
1031
4433
594663
695
210863
309
140
5742
520
17466
3
6135
248
5370
0
564363
29853
3710
1307
402763
62629
695
220963
14413
3392
20803
38338
1231
20803
1645
78
3392
392663
62
1220863
341
66304
266413
24981
781513
24981
0
882513
1556
10687
17466
219
756263
79563
34
6528
33282
1307
2291
165
33282
248
165
47
745
22085
140
482
1736
9801
5370
66304
9043
1210763
48006
