19317
0
0
0
181824
0
0
0
0
0
0
41435
0
0
0
0
0
0
0
0
3156
0
0
782
0
0
99521
0
0
0
102834
0
0
0
0
0
55475
0
0
127126
0
0
0
5417
0
0
174719
0
99307
83810
0
0
0
0
0
0
0
0
0
0
0
0
0
0
0
206233
168308
0
0
0
0
0
0
0
0
81947
0
0
0
0
0
3400
117202
131837
22679
86916
201720
107326
0
0
0
0
0
0
103826
0
179203
0
0
0
0
0
67255
0
0
177981
0
67800
0
0
0
215504
0
0
130713
0
102733
0
0
0
0
0
0
2966
0
0
0
60584
0
0
0
0
0
0
0
91083
0
0
0
0
194510
57498
0
0
73316
0
0
0
0
0
84774
96791
171679
0
0
53060
46863
0
0
101264
0
0
0
158713
74697
0
0
0
0
0
0
0
148722
0
0
5410
0
89968
0
0
0
132702
0
124364
0
0
0
0
0
157538
0
8974
0
0
0
0
33662
0
0
0
0
114113
0
0
0
0
0
0
0
0
0
0
92758
0
98228
172600
0
0
115380
0
0
0
0
0
0
0
0
112435
0
0
0
0
0
0
0
0
58927
0
0
80106
0
0
53970
0
0
0
0
53395
77692
119442
0
160723
0
0
0
0
0
0
0
0
0
0
0
0
0
105239
0
186535
0
50014
0
0
212184
0
20840
0
122649
24902
0
0
0
0
0
73052
0
46993
0
0
193281
0
162919
0
0
0
0
0
0
0
0
0
0
0
13356
197720
0
0
0
0
142194
0
157664
0
187645
0
0
0
0
0
0
0
0
0
0
75234
0
0
0
0
0
0
0
0
0
0
0
0
0
0
0
0
0
0
0
0
36371
0
0
0
62156
202300
109007
0
0
0
211178
180152
0
0
0
109126
0
97569
0
0
131485
0
0
0
0
114739
0
0
0
0
0
0
0
159799
0
0
145471
0
0
0
0
0
0
153892
0
0
0
0
0
166805
0
0
0
0
0
0
89300
0
213456
122233
0
0
7614
63396
0
0
0
0
0
0
0
0
0
86025
114280
67641
0
0
0
0
0
0
0
0
0
0
0
0
106743
0
0
0
0
0
155747
0
27900
8929
0
0
0
0
177883
0
96147
75536
0
0
0
0
59816
29600
0
0
0
0
43088
210359
0
0
0
0
25555
0
0
0
101024
0
0
0
0
0
0
0
0
0
0
203695
0
0
0
147813
142418
0
0
0
0
0
0
41538
0
153143
135853
0
0
0
79193
0
153748
135893
0
0
0
0
0
0
0
0
215971
0
101570
0
0
0
37621
0
0
0
0
0
0
200195
0
0
0
0
0
0
81950
206369
0
0
0
0
0
0
0
151330
0
0
0
0
66436
0
112303
0
0
0
0
0
0
0
48607
0
72497
0
0
125118
0
112297
0
0
0
0
0
214455
0
0
0
0
0
126246
0
0
76907
0
0
0
0
0
30348
0
0
0
23850
68632
0
54196
0
0
0
0
0
0
0
0
0
0
0
0
41733
0
0
0
43429
0
0
0
0
0
0
28424
0
0
190475
0
0
0
0
0
0
0
1969
0
139865
0
0
0
0
0
118612
0
0
0
0
0
0
0
0
0
98740
0
0
0
0
74884
0
196344
140849
0
0
189649
0
0
0
0
0
0
0
0
0
21886
0
0
63655
54271
0
0
0
0
178100
0
0
0
0
0
0
0
125130
0
124788
0
0
0
90430
0
0
0
0
0
178625
0
0
0
0
154615
0
0
76179
0
0
0
0
0
0
0
0
104020
213967
0
0
122127
0
0
0
0
0
204581
0
0
0
0
0
0
0
0
35583
0
0
0
0
0
0
0
0
0
0
45985
0
0
196493
0
0
0
0
210738
0
0
0
0
143808
0
21304
0
0
27301
60634
0
69423
0
0
0
0
0
56577
67400
0
0
0
0
25408
0
0
0
0
0
0
0
0
0
0
0
0
0
0
0
0
0
0
0
0
52235
0
0
0
123258
0
198601
0
0
0
0
135247
0
0
0
0
0
0
0
0
14831
73469
0
0
0
175053
0
0
0
26670
0
0
93351
77170
0
0
0
0
0
0
0
0
0
0
93642
40377
0
0
0
0
0
0
154301
166716
0
0
0
45788
0
0
0
0
0
0
0
0
64963
0
0
0
0
0
202836
0
0
0
0
175624
0
0
0
0
0
0
0
0
37889
64649
0
164632
133046
0
0
0
0
0
0
0
0
0
0
0
80449
204367
0
0
100294
0
16936
0
0
0
0
0
66971
0
136398
0
0
0
0
0
0
0
42258
0
0
116632
0
101683
0
0
0
161055
0
0
2367
147118
0
0
0
0
0
0
0
42212
0
0
0
32008
0
0
0
0
0
0
36577
158840
152024
94130
43895
0
0
203382
0
200039
0
0
130529
0
0
0
113383
40437
0
0
0
0
0
0
0
0
0
0
211290
169256
0
31240
111468
0
0
0
0
0
0
0
0
0
0
0
0
0
0
0
0
0
0
0
0
29951
0
0
0
0
0
0
118608
0
0
13448
0
175145
0
0
0
0
0
0
0
0
171259
7381
0
0
111504
0
0
0
0
176284
0
0
0
0
202961
0
0
138400
0
24344
0
0
0
0
0
0
0
0
122292
0
0
0
0
165651
0
0
0
34361
0
0
0
0
0
0
0
0
0
1392
210613
0
0
0
0
58133
61832
0
30566
0
0
0
0
0
0
0
0
63180
0
63215
0
14926
70834
174655
59063
156714
15915
0
0
0
0
0
0
137624
0
0
0
0
0
0
0
0
61727
54328
0
0
68667
0
37234
0
0
0
114640
0
0
0
0
7890
0
0
0
0
0
52413
0
0
0
61897
0
0
0
0
0
0
0
0
0
161276
0
0
0
0
0
159002
0
0
0
0
0
0
135503
56668
0
0
0
0
0
0
0
0
0
0
185006
0
0
0
0
0
0
0
0
0
0
6895
208999
0
126992
0
0
38352
0
0
0
20336
0
70570
0
0
0
0
0
0
0
0
0
0
0
5864
113286
0
0
0
0
0
0
0
0
0
46850
0
0
0
0
0
0
65820
0
0
0
0
0
0
0
163473
0
0
0
0
0
0
60825
187355
0
0
0
0
0
0
170592
208735
0
0
0
0
0
88130
0
0
0
0
204404
0
0
85549
0
0
0
96241
125176
184249
0
0
154977
64833
0
71865
0
0
0
0
0
0
0
143821
0
0
0
0
0
0
0
0
0
0
150555
54018
0
0
0
0
0
18139
130550
0
0
0
0
0
0
3786
0
0
0
0
0
0
0
0
0
0
0
0
53221
0
0
0
130598
188472
0
0
0
0
0
0
0
0
0
1326
0
0
0
0
0
0
0
25568
0
128454
0
0
0
136039
0
0
212620
0
23506
126590
0
0
0
0
0
0
0
0
0
0
0
194069
0
0
157866
0
0
0
138795
0
0
0
0
0
0
0
0
163042
132524
0
0
0
0
162997
117684
53423
201827
0
0
0
115622
0
0
0
0
0
0
39825
0
0
191429
19835
0
0
0
0
0
80437
0
0
0
0
153974
0
0
0
146575
123250
0
0
0
0
0
0
132897
140766
0
0
0
0
43331
0
135571
0
156579
209076
0
0
72886
0
0
0
0
0
143382
0
0
0
0
0
0
0
0
0
50341
0
201918
0
0
0
0
0
187742
0
0
0
0
0
0
0
203080
0
0
0
146808
77145
8292
170075
0
20055
0
0
0
0
0
0
0
0
160567
141305
0
0
0
176128
195478
0
0
0
115330
166750
0
101782
0
0
0
0
0
0
0
0
0
216010
0
0
0
0
69418
0
0
0
0
127808
0
0
87308
0
69329
0
7766
0
0
0
0
0
0
0
0
0
0
0
55321
0
0
66350
0
0
0
0
0
0
0
0
0
0
179475
19799
0
32176
0
0
0
0
0
0
0
0
177429
0
0
0
0
72342
69109
0
0
0
0
0
198899
87674
9187
0
0
0
0
0
0
0
129836
0
0
213140
139514
0
0
0
0
0
0
0
7940
0
0
0
0
0
93227
204151
149766
0
75198
0
0
210010
0
0
0
0
0
0
0
0
0
0
201827
0
0
0
0
54812
0
0
0
0
144160
8142
0
0
0
0
0
0
0
0
0
114216
0
0
0
0
0
0
0
0
0
0
0
0
0
0
0
0
51440
0
215030
0
0
0
0
0
0
27864
0
7494
0
0
0
0
0
0
0
0
0
0
0
0
0
0
48919
69651
0
0
0
169692
196197
0
0
0
0
47568
0
0
0
0
0
0
0
0
43569
0
0
0
0
0
0
0
0
0
0
0
0
89010
0
52123
0
0
0
0
15054
0
137480
0
0
0
0
0
0
0
0
0
0
0
0
0
0
0
169940
0
0
0
0
0
0
2447
0
170955
150238
0
0
0
0
0
0
0
0
0
0
0
0
79044
0
0
0
0
0
0
0
0
0
0
0
0
0
0
0
0
208347
0
184129
0
0
96645
0
0
0
0
0
0
0
0
0
0
0
0
0
0
0
23219
0
0
0
0
156811
0
0
0
0
0
0
0
0
54792
126617
0
0
0
0
213628
51799
0
0
8921
164656
0
21350
0
0
0
135600
0
192509
0
0
132692
0
0
0
0
0
0
0
0
0
0
0
90129
0
0
0
0
0
0
0
0
0
0
0
0
162257
216627
0
0
0
0
0
0
0
0
0
0
0
0
163837
0
0
0
0
0
0
0
0
0
56634
0
0
0
0
0
0
0
0
0
0
0
0
0
0
61642
0
0
0
0
208461
0
40516
0
0
0
0
0
0
143849
0
0
0
0
0
0
0
0
0
0
0
0
0
0
0
0
0
141411
156042
0
0
0
72671
0
0
0
0
0
0
0
0
0
0
0
161201
0
0
136920
0
0
0
0
0
0
0
0
0
183857
173474
0
0
0
0
0
0
0
0
0
0
100015
0
194793
0
0
0
0
0
0
182337
27137
0
0
0
0
0
0
57222
4382
0
14068
0
