169904
619254
1938612
96076
211932
127871
521642
25022
878368
13468281
20763
294384
163634281
7952
31119
12126831
995905
73302
438645
197352
364415
371213
392486
1161279
28400331
233686
145385
589878
380535
3687955
598591
3685923
32309031
27713531
411401
88893
3694051
305968
197212
3658404
55008
123421
144493
25597581
76385431
13740531
2596006
215730081
52408
51302081
2644131
2559332
63886681
2584783
696917
7939428
5184139
1208932
163222
503706
8793204
55556
1006327
37353981
2137472
49347731
2698348
45085531
43726
2590679
0
2328700
166759
478690
57064131
1504032
16121481
5914778
81152
26506
6626
792
625951
147569
599574
61124331
4998665881
4349303
16225431
620771
40267831
18073081
1547847
7565901
275667
3988691
3492162
640455
10015
167
6125154
451423
13730631
1755836
556966
8753
2530252
401
27971081
131365
3000
4555703
27027
2322900
4124
2665196
494266
4864
2666016
44444181
1230597
445665
741550
3800
10136931
379566
95013
95329
12329781
74703781
6362853
173390
6372555
2035115
177612
215735131
10364631
354381
49928481
3392286
201274
9190986
81753
10552731
2924248
770223
404205
24374
2344650
17012581
449697
5971198
785710
2640951
893
3367368
1002853
1486252
97441
1057858
858682
36166
170960
2704996
90889031
777325
282555
0
3682038
2905267
95593
104019
24643131
758211
10975
4693303
3558758
91969731
4159415
21274781
3570433
3047412
1036435
3878963
156148
99305
597
1073220
101260
35
256941
1125228
28361
320893
129206
100645631
5786
2906104
10166631
7236033
