3882
19253
646462
262662
191962
50435
2799
0
8465
8932
347
309
54
893912
8003
1893
4721
8003
121262
183
2566
41437
399012
36237
3322
464662
76400
3188
247512
130
106112
4070
30
4070
5337
146512
964
66888
9408
3595
2566
39
36237
674
835
5978
252562
62132
2925
85912
89
392
14967
156612
26213
18
893912
14967
722212
242462
47292
54
8932
579
44313
723
262662
4070
1435
181862
1518
3734
4491
41437
38796
28703
44313
11505
1602
1893
89
1787
535362
17094
1302962
57413
2004
3322
36237
3322
4270
6356
3882
4070
1690
4270
601012
19253
9940
23
309
4721
47292
6736
4721
108
23
9408
0
3054
776
183
776
1435
3734
12891
358612
651512
17094
212162
12891
19253
18
1313062
11505
590912
1277
4721
896
39
2004
7117
191962
2
212162
11505
776
393962
17094
5049560712
287912
505062
318212
62132
419212
9940
954512
347
835
18
1070662
12891
108
1893
2452
1198
1040
438
6736
924212
108
1075712
1893
183
626262
4491
44313
2105912
267712
12891
9408
4270
85912
23723
818162
71644
530312
197012
76400
62132
26213
5025
924212
89
19253
81156
469712
0
8932
39
130
1356
626
2680
309
62132
404062
131362
2004
776
126312
479812
469712
