0
275524
0
0
0
0
0
0
0
213176
0
223298
195206
0
0
0
0
11059
224542
0
200494
0
0
0
0
148647
0
34561
0
0
0
28539
0
0
84739
0
86893
111012
0
57400
38347
0
0
0
0
102380
0
0
0
230894
240922
0
0
0
0
0
70988
0
62628
0
0
0
0
0
170691
285840
0
0
0
0
0
259654
253698
0
0
0
0
0
0
173823
0
0
0
0
54666
51245
0
82733
0
0
0
0
0
184347
276256
52898
0
0
145840
0
0
0
0
0
0
0
28428
0
9223
180862
0
0
0
189523
195052
0
0
0
0
21831
80424
0
0
39957
0
0
0
0
0
183366
183331
0
0
175459
0
0
0
0
112462
90151
203796
0
0
0
0
0
0
0
0
0
97624
0
0
0
0
0
0
0
12492
0
0
0
0
0
0
0
122451
278234
214418
0
0
41040
40393
0
0
0
0
0
0
0
0
0
0
0
0
204025
0
0
0
261107
0
0
0
0
0
0
0
0
0
0
92286
