17298139
36141
23429543
907219
1436777
17010254
33959701
1983085
41666558
2200981
16217614
3070987
57455885
17742869
20217758
20361176
22194995
27581319
1616635
43660208
24055879
5251594
18814199
29305987
29827727
26072523
11890106
31509937
40232846
637720
15897291
40026308
25850238
21761468
49046719
35925058
102544
24962447
0
49368080
9284710
37390091
9569664
20761004
4551209
44937848
23664385
21368306
6310304
51761967
3596183
13272707
35904640
40429553
2960468
37645014
56702755
10137657
49025961
47534116
221711
30541519
16110862
67849
15521257
515013
23091719
0
8869606
8175142
1099054
15156050
3636674
15646307
34379349
582522
60142731
56023189
14113011
679397
36897735
9086470
6721336
2342409
24794847
24934151
47355268
9466342
501168
4269250
4427650
15459708
40254074
50773595
52242489
41969138
47832292
59632762
49803804
75913
34874527
7488088
6033882
0
2532305
23436443
136108
15720281
49464304
27006658
57178059
24836951
9799113
305153
232834
963558
11945902
46009828
39868490
18676789
57048527
28903947
1022022
46059423
21589451
11788026
680419
61203439
2741801
18480554
52127841
18525339
49358283
13232233
11780660
25994340
4703589
11850666
39601313
40216316
10321401
30333279
12846373
45402767
21015434
16050795
12631613
28363587
10703571
5373082
13667686
48232324
51561537
23473892
35769931
24402359
4825873
6349951
58827558
57772402
45121941
6303867
2122497
46561379
33764402
29521675
36526061
28428339
22725812
47626660
48781909
56380515
2350249
30335863
44718083
44154156
24753170
31399411
49215790
315173
725219
20166542
55007697
46687050
16211534
8708182
24746638
286496
23548158
1869209
11633678
122668
53977376
2910153
33073842
40428944
12883366
48125284
253036
283042
14482549
52330719
15165810
51482633
644467
27591275
36640269
13879906
4107760
54885424
7675466
40743722
21346749
9665187
35832015
12379093
42957608
24173171
19111639
11428991
2204089
50467784
13138069
25847902
25165127
27674723
12066747
19533
18829084
14932180
368645
15775709
48393124
80002
48921298
56478141
29271179
27240433
50593217
31085149
11793652
687307
3696866
2900786
27260295
22686413
14352741
21377759
50302009
62261
301589
6363071
32378393
16341902
3729701
7175468
439171
45251980
32605292
1470617
24451846
47179419
29507919
28763955
44800893
20598908
2925494
34546428
6985
44748568
46959595
50995355
4300786
55219179
27484571
12980657
735593
25474799
33618073
10147161
27556923
25597585
11143136
3350170
12342100
548839
6775936
30251047
26159028
49601365
4973719
57956977
933753
44440897
9518970
37633758
60821639
3006839
41803628
2800013
51312848
42169208
20678834
6482422
4286278
38026122
36616697
46537355
32029540
44165986
22807922
22973798
58692171
31688892
55451955
2680761
708461
20822648
9905091
32625546
13718566
1260125
2862369
20104964
16515790
20602604
41133720
59183868
34540701
25406903
2270617
1726275
53304992
3710297
54898402
2048941
58075747
31753830
28461
2686613
139013
784383
36490703
23905
39151719
3538235
32992170
46735917
5393602
23477442
526375
31386931
3692180
38730777
34703547
31280071
7227696
154945
29838139
20892476
27930767
8916262
3201313
604583
21653483
1567300
4370518
161287
43201418
37586802
35211341
10470176
45545819
59698302
49966861
26777158
264210
33558064
24806491
60705949
57278653
31589263
24030035
2247741
49978404
9574509
48857375
752813
29217599
52206585
5694562
33333217
465366
25428575
50529758
1767985
30225131
148071
10739803
32963037
32404638
10541346
40539111
28666295
55121727
36025571
17869294
53642523
1839697
27258167
28008515
36135629
1614885
25296167
54509886
34515303
6171765
9342886
24320141
2155229
55863871
37446614
24481027
3371311
3841208
15818923
29391487
8654998
48061156
7774466
60967919
51271664
3451042
3803423
40622682
45658659
2138849
226247
8897158
25440887
3079803
17162419
37426528
14952432
26516920
47746756
50484317
46044954
1833298
4894978
14508474
7276008
3205924
3110166
12694861
12795928
2390457
396005
5384842
182672
49747253
5258965
15919611
817787
9466918
16321358
5170006
54700951
1660443
42439028
40739717
5393162
0
5993482
31225
57038139
12548010
50336114
48719441
46763399
5331842
96034
966168
32291237
45332879
42592028
12239145
5122855
36083339
649836
43810631
60611764
40529255
1236250
34350050
5014474
23767619
42227978
4354282
9295846
5709922
49192510
2144169
350417
1716603
30877439
8482342
1992689
37516998
27932819
35640202
21613256
58264711
18111679
59855937
756831
1140634
3240115
53883749
79763
53328064
1093042
364
32737443
30088711
3103960
197260
2618069
43669581
6049913
54432739
52652121
670283
31540357
5708402
47096186
22974212
54495054
52656201
4161752
26121871
5038693
10864577
38125914
18250389
14586554
38984879
61257144
38618407
20222510
49245472
33872219
15757605
8429398
43313918
30656431
18949854
20337218
33860599
31370473
9669216
59460437
26549406
6010322
24035360
7129532
301481
14968536
47355556
60158099
10241229
25738402
1213030
1413637
18298489
12031278
27054733
54246000
2449089
1667567
15976392
23112143
45935299
14359085
50289073
30662663
26911258
12455262
34213100
8668246
678179
485451
44312860
3876617
46486850
13125089
19427804
51557279
10838870
50288485
13176360
5305322
18590924
19238714
251965
11254172
61082804
14886125
19909802
15247977
1398217
29863523
51672207
32575690
19171439
46888160
24683661
32745743
17323229
19137899
13034170
42659348
24761193
17201159
2302201
42074528
46135135
23611561
44821459
38001006
16342926
35732913
32269281
34697820
37186741
36228257
26715508
5731282
32850240
1695621
34120804
43687326
7931254
1688237
19843670
43841662
0
27372699
200340
48624964
17327389
1619485
15473250
42486188
4958665
15237424
58383511
23138570
7216740
464079
12702000
23738935
20645768
29547819
40129577
38764977
53065105
203826
11635217
3038478
36244857
230839
50913185
22830554
10127775
209916
25422527
33357453
22394060
4330522
36710653
196896
48970962
34131511
10487886
1416517
2319029
46704067
32682663
59031132
1651110
47165711
53166457
971493
563685
58292651
6157620
10893248
36509046
3345356
13272884
28874915
11554562
2122245
32318048
598
41897768
4617139
312017
45682228
44828284
37801254
12623412
24101390
68681
431969
57061141
16233742
35748849
8546710
24784836
13049510
33317530
6702184
51558467
27436919
51524609
18416594
1229068
2908123
48169636
10970255
11298347
6754432
91072
38746417
57116791
34300997
798313
3337555
6580781
54584355
170422
22540409
46821912
26717008
23897407
8923366
25333391
50044171
7772441
2895943
3155609
4826899
49483122
61026684
1978997
142247
51261170
29004951
1960069
4498678
773309
20008406
217532
59956055
8529238
474999
6081360
6802940
7147660
10298686
17842189
946008
43130498
212394
29966123
31252537
2728193
4804897
20631578
39420039
529521
34259829
4849738
17588819
44074258
25547653
17415854
59047671
27940419
11649296
1831948
7236760
60655349
30449635
9242470
18412304
19396190
53471234
38980321
41845388
36516267
29312751
42385118
45407317
16695630
46207116
18882059
30362615
7531692
21581792
5670842
3355042
45038130
46023023
14152783
8362726
31379209
154196
42214748
2702489
2950695
34112670
8163958
17625479
4173924
18899154
9370246
34849461
68417
6089970
34801
9070870
41458838
20675072
2816169
1996161
10983194
2489885
19841954
12250591
44643008
473387
2767393
21901469
51373139
124006
15930213
59281659
4462138
4233152
53861
22343897
52590309
34408150
5980922
4757283
34629096
37549
5631242
4538859
55173282
472633
5163376
41264995
46575302
39492389
1658779
11715758
56738159
6744016
38516598
1409837
42328328
31515397
17159299
48450052
46912093
128821
7172476
12689551
20385728
20618246
1925685
397733
25763733
480433
39483776
48477988
43563930
18376034
12615093
25522176
22828484
29516431
12359328
54552013
55854437
21103742
8444902
13786126
44056331
26095883
21970400
2120285
6850498
4260216
21659210
143479
30538023
23750224
45801256
24753241
1022259
11180927
36331509
31620229
59758870
8282566
16001718
11135726
1902445
56798685
7229236
5800362
196336
16764684
30403731
18115839
13683586
60466979
3596678
43338038
45772682
21987581
55633533
52365807
33625543
7079989
37675842
16180942
5393082
13841326
22382882
999622
61257
2821601
17551964
6113217
6667660
47211728
59931873
25228127
8327446
49121700
5637322
41452340
2936746
20434172
9863322
29669267
3284021
45983984
658052
52708004
3032272
15027035
16700110
29257499
10260021
10139277
2802281
12843128
43735101
14485904
9587055
50717165
21224349
49256433
654399
21328457
2230409
55254371
245308
37786806
40164203
53812164
20938214
24341654
1182646
24087900
15861083
39050067
54942282
39587567
43730915
10601406
3875594
44897
42808748
31941534
30286539
32429648
11362985
24703115
165277
43219958
55021032
54317482
48524836
43884068
54741
13509828
59820568
1027036
17006029
59442809
5576002
5634802
52109073
7820186
10315406
121696
50395514
43569390
8007190
3155870
29035655
3530128
12755631
2784753
20912672
851359
10129125
36813324
60718829
56123677
39808025
42739628
50207243
34388645
3652283
34809123
18394429
5114470
1827790
4209114
35146767
1435537
2592
18843384
214095
7940422
11520191
24463987
3823421
3707129
13638886
12662352
10924769
27346783
42623618
7883771
536164
11659614
31370317
13759666
14279175
13870426
13442096
50912789
3634100
37128475
41141908
14786085
56747911
3534672
164500
61332584
3605753
26801983
39390885
15290799
36990363
39618017
56335995
40601945
873885
9094966
32288402
50210771
7627991
483137
7959142
4458826
56868645
15980991
22651016
21658175
1715329
58171407
59772995
18311879
693145
52914210
12248113
42118988
30740335
291689
33972151
5100040
1872149
5680202
15687177
38515170
201040
51277505
137025
8872390
10968887
8975446
55741547
4521247
4498534
39265411
43020518
477209
21213
39437753
20338010
23176796
8324950
2945504
545303
8959654
40079378
60640974
36043665
24798326
2865253
15255480
45179726
45516335
4342834
42678968
26200644
5914482
4596961
2231529
1312014
26258512
18384484
532147
45639003
35574051
45642188
30167447
41273450
46335517
56695971
45264356
54800552
41361471
21398183
39933
1627660
8498134
19998176
11774860
52834282
33372310
9843891
6294519
21829433
24275766
823961
31226563
10648926
45506780
44833471
18070794
15787489
46138320
22820342
43279088
24150948
12961954
0
50519957
39796106
16930824
36331343
34766544
40647246
6513664
35787444
15013249
1447597
5395202
44659206
272526
17064464
3146445
45522250
21417572
39405333
15585490
36174473
1908689
7163984
821399
2175081
6077752
55277797
34789701
843309
20352860
29019087
26196944
55038042
14137899
25610725
31589107
30497591
12021650
17434509
52616421
45046411
26246450
2676141
3154681
2772713
2509009
11392055
13598506
92122
34092169
31169077
17120299
57793374
5296483
9135094
6942389
401873
18469634
23069363
13277
36088568
2762689
271800
11541737
40558691
60455465
8748502
51748299
3136324
1833
43379708
3128349
14559165
29975851
41758268
26287594
46311493
18444804
7131908
37486537
193284
20392130
14206097
157514
18319224
6781
39110697
8506294
22379294
40468442
50385911
645975
20270294
583549
1465337
14084524
11261183
28221239
6337118
6844994
44152973
6433960
27578127
13598446
13973626
76898
4606119
6838157
21194294
9123814
7908840
45879243
30014611
9880152
30170715
13297664
12092412
3176634
10308366
55510679
32148514
1651733
9488676
6158317
38315670
14948284
2586093
45424698
58044717
38270058
17898089
12347587
1839103
28742295
31402531
56265293
60425457
17152669
24208955
45129
34238498
11876882
47948836
656622
23287817
36682101
36717957
59936054
29631723
1256554
15584087
58805581
47701060
25635253
1807675
20065298
48728559
51563067
57712935
23082059
9975657
37352160
54621641
45789426
37926078
46429338
19167214
12618928
294245
16183566
12153300
249382
3386160
977254
22831589
53472573
6300095
16785549
7854656
10036137
229222
386669
26899558
43384478
21736490
34381590
589529
54166175
44805261
35985067
15779925
4499232
28688411
13806346
41560538
52111215
10240473
29060203
3087952
35890862
2237633
24980015
40287656
1696219
19074719
9579099
4064849
14450036
27554643
3726269
5821962
18906954
38938611
8421526
1411237
44732734
22535096
34569170
38846935
52116111
58164236
4310074
265948
1758671
1889901
26559396
29332815
16260110
246134
20695796
27657319
37387352
40073636
7508988
9442054
759785
15160381
10769035
14652800
2939733
42229148
503924
51897423
596341
23561222
31635205
52671093
3988586
19824530
60871779
15574022
42043568
51707295
13858426
162393
23460872
22456574
3526096
189343
26167715
25777676
36114962
30608323
10005627
19991708
58778851
4158862
1408217
54919208
25114223
22948682
28500843
52954895
27960939
22117922
19471694
35187022
37451760
14344506
16035171
6093537
55464993
52312563
657324
10746019
9143734
27726023
55460223
50821313
44751116
32170002
59644853
88018
798691
2570609
50617175
1463797
1938957
38755002
1322502
5413002
25824177
908508
7627991
4597037
43513698
5100040
2192245
58488451
41713178
30813295
33095588
562099
27048208
2332469
47210588
728481
25006583
15992394
15849427
54518332
829001
12615152
9774837
53756235
51372347
39430445
11057066
74473
623901
6226213
1987481
4282606
52350609
10771724
53157908
9550692
2027101
36903047
25294871
43832744
34811613
52623357
18481919
54786647
60464243
28249131
26765383
46522249
35050653
3861800
7957318
2909370
2025281
53427356
1004886
18964804
10764163
37789
12402162
11962548
785195
31263691
403841
44470654
24973319
59655136
2919636
5673882
5098168
7176964
787673
58086126
3991688
1019238
13939246
60435288
35260975
36716131
245504
928458
59786442
5600682
13343212
2529533
53780234
46909818
50547974
40683024
56210491
4507187
41732978
9782691
1796929
12894281
21823085
3539951
37948338
29931467
59356140
33530674
55202643
31680913
53213425
16698126
37967826
20565314
56852109
58935006
28114079
11554277
4125508
50588267
55858041
8229286
49266036
35309945
5401122
23325077
29714259
1219420
10229133
1428677
9571449
31612429
61261629
1354137
18169269
825795
459893
3903875
46206661
35200551
14654142
7766231
2464629
51831531
557887
32897965
47869924
23097860
46198562
5437882
40636210
37240691
34972135
1162864
2046253
15451229
10635066
35014963
27325199
17730584
755865
5988402
26673134
44923834
38892343
5963682
45927473
11178419
8875894
462090
4490542
23881077
18837664
420605
36909604
13268164
1586347
57206891
41709938
33315621
42823868
23707766
18206644
691129
7237860
1379397
4606803
37406857
18280614
56990015
11176652
27255659
18558749
22869953
29207339
46472745
46178542
14629803
33425430
4479418
6816872
6653105
4066994
59314737
47905060
40762679
231273
26692258
35053392
2820117
892113
20366786
12375789
52038387
1008102
13060366
60931579
53028952
21030284
37047716
31079903
21899399
33794199
23411879
23073848
40651696
36372179
13719226
28610131
32645396
28742675
48438148
59907465
54084908
10887662
32631286
46732641
4828571
13498382
668114
16739854
60571629
17439709
1214848
799461
20353916
157689
7741
1956933
47237093
126406
15128661
19633790
550412
59644853
5781762
37032693
300833
18022954
44877515
26852983
6494763
861523
228011
53507490
40669674
3578924
8112550
39581129
29517495
3504208
32617920
28139919
13149928
27721235
27637027
50477981
5749642
34802898
13831066
7172168
4850830
808477
36844034
6181728
2364949
5066890
12037601
21298877
14068237
7218060
21903470
5843002
14565753
44570663
10221519
61148929
38156406
2096765
3526448
25280111
15322580
10973675
42435788
752827
40612002
14909610
4562685
32032937
33698500
16788799
27593707
20139482
4465738
34809040
5990042
19069649
12478213
169036
23014577
44341252
46227864
1238446
11069720
26537196
6783977
56169893
59014815
6716716
4441834
29130047
31217
44218311
26590698
11550515
28487239
4071142
2740877
25473359
15694924
11303876
43854402
15072114
20437802
9620001
31246141
38610930
1680099
3003156
2538941
2675973
37467032
19768034
117916
48033316
1581916
44632816
9135670
27671151
28395507
23455202
41284842
29164703
52819450
13231525
22125650
638487
28068935
5074261
31466101
26011349
27629351
19047419
332813
31099033
10946600
5138377
14968109
19542248
56196181
10683356
1490209
3619745
33591928
29104663
37311407
871337
40171163
24462496
56303771
54133524
4332394
20344676
35633230
12089639
15239254
1896285
16363854
20360054
260820
7210888
15698706
34233767
35108670
13864126
47082627
37145324
17306134
21075164
1396457
5050588
18489264
2205293
3414896
27618863
52677723
2895102
10378656
13786066
6384637
1239760
179284
24141079
4114424
60381613
19615178
57700215
19798196
38398074
48767747
17520569
14043044
9377062
20429288
35439923
23795380
5329362
2129189
14753206
19922540
2066161
1591712
18260269
28929787
12397265
19298048
42017738
1248310
1766392
32077098
21392180
54810543
8266534
888585
195846
21561575
772665
554793
19403120
1367977
44875695
51710049
9915395
26051426
5825682
5406642
29484739
60987699
44603332
13886506
30542811
40739005
55636077
9010870
41849528
25053311
36342050
7933366
52626315
10916504
58607251
1353054
14446620
52329699
15195944
20692298
16707150
256802
19197764
26978833
21492437
21175286
1589666
36905703
11347025
15344296
48140740
29125411
33578233
16052622
233632
2354701
375629
16676430
9506985
10454281
13479620
32052371
32038072
53745
55381783
11813
15381872
8154502
18352959
23586569
37716078
13116357
21130604
6764260
12439391
275056
47187791
14028404
55549263
24676561
32364380
8592934
22352177
679313
18347434
