0
293299
0
109832
392033
546499
572978
664062
367669
0
459586
0
14921
363240
598268
37049
689084
44831
350920
75686
851591
374511
412358
414531
441694
516652
23372
711202
468418
139306
390993
539345
546210
496466
279134
568201
672923
0
345868
670549
493421
435411
769288
621947
0
481162
772601
231298
639598
237126
420589
121146
725242
462904
165634
796893
93161
302611
621701
675184
71875
642651
844486
248042
769074
753577
0
555602
349252
0
339756
0
454690
222650
208182
0
333769
94388
341806
603324
0
876000
838075
316670
0
633666
227168
175628
49882
478826
480769
751714
235082
0
113362
117762
338747
673167
786969
801604
692446
756683
871487
777093
609290
193274
0
56664
0
343013
773593
509047
848970
241625
0
0
0
280096
737022
668735
388879
847748
534055
737567
432918
277374
0
885271
64146
385860
800480
386549
772500
301925
277247
495395
125156
278454
665664
672733
251424
552862
295385
730351
424444
348313
291745
526945
258366
142372
309286
760850
620078
473298
128374
166601
864277
727265
165477
42028
743083
595915
542183
629188
527797
449387
754541
766558
841446
50162
552896
722827
716630
478239
566784
771031
0
0
411582
828480
744464
350825
219287
478147
0
461267
274705
0
818489
70140
587595
675177
296012
759735
0
0
322728
802469
333929
794131
0
516783
630564
312823
108627
827305
197460
678741
429396
238999
620826
287465
703429
470070
395569
271114
44942
783880
300329
493389
483977
517881
282171
0
391222
330099
0
343907
762525
0
767995
842367
538887
512164
785147
277471
0
96212
69817
512428
448816
320600
429850
782202
0
0
166921
579175
352862
97207
186169
0
728694
581946
473995
749873
542002
532213
723737
418133
70669
605337
0
723162
747459
789209
114238
830490
515379
297661
0
594152
248218
516331
489960
266099
85313
286838
0
551780
497651
775006
132181
856302
0
719781
236132
642517
881951
73474
690607
66225
792416
694669
419344
169832
113835
647188
630280
742819
574806
716760
450577
452981
863048
570494
832686
61966
0
421523
243703
582193
310134
5841
68452
410649
355579
418189
683123
867487
605268
487335
47318
27642
811961
96619
827431
39401
857412
571316
0
62175
0
0
628762
0
660459
91405
586611
745001
142885
460271
0
566624
96070
655561
607230
565254
187356
0
546347
422581
521250
223622
80180
0
433846
21217
116175
0
706138
641958
613348
254129
731923
872067
778774
505987
593429
478990
880945
849919
569218
468054
46501
778893
237221
767336
0
538182
801252
150409
590720
0
487636
784506
29233
551439
0
259013
586260
255423
530928
829566
623158
376456
815238
31889
512400
522273
624484
23302
485797
823659
604962
162255
232510
472140
43197
836572
640279
474406
100586
344604
540470
218179
759067
199660
883223
792000
88630
99441
677381
733163
42612
0
223224
487807
75990
365581
640037
330431
502489
755792
784047
737408
31652
130162
323153
188454
80339
77037
292817
294530
51598
0
142666
0
776510
139495
346228
0
352541
137214
825514
25110
697667
678696
142874
0
157882
0
847650
290328
765914
745303
141341
0
0
578099
729583
699367
285093
136005
623854
0
712855
880126
4525
602971
133226
464358
695322
115724
231530
150793
770791
42802
0
27270
560022
214582
37392
521277
618515
433263
380185
873462
0
0
81518
817580
812185
0
583542
549644
76823
0
59727
711305
159283
822910
805620
0
568591
150755
748960
452987
823515
805660
110215
497142
133847
261212
648376
382319
324433
658519
885738
412430
771337
597214
343615
213479
707388
557114
393080
414168
597074
566413
239078
869962
502928
158303
468129
185125
0
330695
751717
876136
249960
491889
3235
13764
383059
281568
509688
821097
53692
25384
347132
454986
736203
320704
782070
557196
507775
288756
601321
218455
0
0
718374
101659
742264
300109
400389
794885
260761
782064
300978
140678
387558
0
268047
884222
329344
407692
335276
12993
546681
796013
581585
396489
746674
477260
583642
368055
395973
298568
700115
478352
366177
48446
693617
738399
462160
723963
646889
352878
619632
577825
607161
637148
625600
505165
151327
584901
26463
600209
711500
203101
26179
406690
713196
0
513907
0
368119
23486
338969
698191
131795
335103
860242
455369
187107
0
292938
463954
418843
542527
671736
655962
809632
0
274732
74565
625800
0
788379
450905
247859
0
487552
591012
444579
115064
631412
0
768507
600338
254451
13908
49047
744651
582882
866111
810616
0
0
859416
161910
261715
628983
85147
302614
533673
273317
42019
578430
691653
122881
0
733422
724038
644511
291606
469059
0
847867
351172
619824
215923
478685
298828
590531
175172
794897
514752
794555
384876
4126
70070
760197
263066
268822
176416
0
655745
848392
602380
0
84878
172231
824382
0
446700
745946
505185
466186
223770
486314
199615
69650
78604
128401
773787
883734
36903
0
791894
535384
36227
0
409186
0
874348
215559
0
160050
177556
185537
251011
376039
0
705350
0
548031
564901
63660
127822
418628
663579
0
601884
372141
715752
489276
369480
866260
521377
274979
31602
187562
880505
554393
230418
384810
399910
813575
658466
691071
629070
539434
697068
730401
358389
739190
392037
553248
432807
149816
85481
726344
737167
317322
212090
566525
0
695175
62742
71538
600111
207949
372705
110573
392300
233080
608988
0
160260
0
226843
419287
66802
37516
263293
55149
406664
285287
722002
0
65060
437440
793025
0
868368
118720
112315
0
443852
805014
603671
157568
126569
606333
0
148826
0
137044
684598
743236
664412
25046
276128
844820
176168
653027
13574
696437
568271
365533
763118
746937
0
186101
292727
414903
418426
34999
0
492236
0
664313
763409
710144
384252
291465
488927
450875
542114
287130
824068
836483
425782
213802
311260
715555
496786
438439
41949
178662
433929
0
555556
464113
734730
478240
0
266762
626844
569615
872603
210420
347534
265969
34169
845391
187391
153054
0
359462
553789
380249
309551
93176
707656
734416
438688
834399
802813
594242
643018
350347
142872
312180
444417
0
0
66996
371574
160827
750216
874134
484852
211355
770061
148978
686703
71057
415637
242884
544125
83032
736738
0
806165
74351
331654
358459
538707
248072
66306
295330
712025
322783
237467
786399
427596
771450
0
429127
45882
830822
0
644339
672134
816885
423274
472443
1547
468869
345284
659277
665506
711979
256515
101628
0
701775
573692
552247
579804
269956
477534
0
706344
828607
821791
763897
713662
0
306630
873149
363175
869806
147445
148915
800296
200676
251315
0
783150
710204
204683
78613
535788
91155
293847
65680
422887
0
247884
632649
881057
839023
668040
701007
781235
603436
94861
608502
135790
31448
111608
612570
14859
0
391442
0
203292
272714
474166
100047
96523
308806
292266
262268
513566
699718
0
566411
310819
319394
312665
305482
788375
94310
636446
683215
327704
844912
0
93451
506318
663240
335978
634782
665856
841026
677148
0
227345
781271
196405
0
203682
118628
846051
347205
448303
433914
27221
872728
383265
0
808167
285245
694111
558218
598418
135420
33087
150050
342476
653010
0
792059
0
222708
263042
224855
835418
120345
119731
661781
704128
0
0
663784
414180
455923
211303
71359
0
224526
671159
880380
623376
478875
68555
335399
727900
731599
115406
700333
498215
155907
122350
45922
8572
498997
384382
0
732947
617718
732982
550680
684693
740601
844422
728830
826481
685682
430146
0
23813
214911
409031
277147
807391
591191
242503
165249
436396
471515
0
564568
257379
731494
724095
379556
344097
738434
450757
707001
469757
297344
0
784407
667903
362018
626842
607989
677657
170594
620289
331428
15462
142925
722180
0
364074
78288
731664
430427
663408
340809
624952
34392
185908
0
43906
159962
831043
608268
0
414405
535570
498165
828769
317078
490140
569216
555024
281402
369767
805270
726435
498834
61801
78572
65250
55832
270466
0
599864
563831
364933
854773
228181
180799
0
385692
454366
0
623917
64892
0
273092
676662
878766
220127
796759
77939
0
708119
77664
323984
548159
690103
499390
740337
385310
185179
640760
0
415000
318196
0
383378
659982
215081
444365
675631
783053
0
886394
413154
0
16349
316203
268170
525072
166288
178534
716617
168650
516610
0
122591
178375
227946
735587
548669
243214
550723
303034
282606
79329
251187
833240
576312
24775
161927
650635
330363
58585
730592
857122
650092
376899
286931
31867
531928
566824
840359
878502
365431
470574
0
601627
278906
757897
0
457532
631068
631500
874171
543631
340786
755316
490476
30703
410048
766008
794943
854016
454550
639141
824744
734600
645997
741632
396424
291530
0
0
350388
283638
0
450920
813588
165385
359783
201442
246162
0
0
507619
435049
603351
0
820322
723785
622670
343975
119750
531219
311597
687906
800317
249946
536111
76271
621535
46140
481406
673553
26486
395001
237311
107363
322195
516301
97103
153594
392420
657981
213315
13644
722988
446623
605611
656915
800365
858239
114496
33721
503063
539698
351584
0
419601
517652
639565
671093
193749
234576
0
333840
259535
325519
71160
695335
0
798221
0
461451
569807
805806
105052
406400
882387
340621
693273
796357
312465
0
460035
445485
91029
0
492427
624235
556481
245597
408933
863836
110130
13493
827633
483270
452617
528751
808562
521647
440577
401054
613055
640341
320465
348065
160347
832809
802291
0
259124
228361
518556
832764
787451
723190
871594
0
0
58032
785389
16272
35473
9124
143370
493064
122352
709592
135420
44519
861196
689602
559178
587857
0
509601
49527
750204
0
481775
347386
345096
823741
0
291466
241149
816342
793017
264589
0
0
163583
37206
113733
802664
810533
236754
38621
633730
485779
713098
608532
805338
385881
826346
878843
525439
505830
742653
611412
101210
203644
70113
38556
813149
0
393310
259448
0
287856
280383
0
565044
0
720108
481313
871685
70467
149892
135372
186203
0
857509
105146
0
313812
613946
631478
0
0
872847
148062
303806
56565
816575
746912
678059
839842
119965
689822
241303
30305
296197
436304
91457
646262
547575
593099
830334
811072
358428
646494
417624
845895
865245
523662
273312
109149
785097
836517
209310
771549
614536
143073
458072
544717
3590
249736
14516
237161
569515
885777
381071
0
0
102485
739185
613218
325541
199477
54247
797575
0
585476
757075
454779
739096
143992
677533
637798
610466
448
39305
338608
257127
610982
513282
374322
0
157755
725088
657443
157137
736117
266718
222781
0
119509
465956
391354
0
633809
302534
22124
849242
689566
590508
701943
463515
381646
0
187587
12052
122609
639800
382784
847196
266687
387063
451476
538047
742109
738876
325142
591831
119200
177880
173995
868666
757441
678954
0
504855
611445
66943
0
414616
287409
799603
0
299012
882907
809281
424669
635473
562686
437410
596274
459330
454431
677707
627334
310145
530189
582433
531933
762994
873918
819533
261617
744965
128445
306436
879777
369847
3336
0
414421
0
0
36115
333320
403510
0
871594
152589
635292
0
378820
724579
506998
170133
0
0
813927
677909
92638
206878
665432
542128
582100
524002
300530
518493
517385
783983
151786
608427
312009
186094
129030
0
633019
162498
50687
134570
428692
315936
187137
437469
154120
324092
721207
249595
884797
648739
41109
91040
485574
336499
263126
697631
0
677261
329729
121448
574849
595121
359833
516815
411172
118820
608501
157796
394923
289145
0
453572
718686
739418
4647
502763
177115
839459
865964
175518
118156
537030
0
717335
503486
273246
528572
107550
64113
488258
342603
268919
713336
332393
415692
238113
564819
654150
25866
73347
56901
61795
640525
405544
0
758777
21913
721890
228193
517834
527365
459954
684821
537486
807247
301913
440689
0
523068
134759
567639
495628
517284
394581
0
562933
262651
136403
330688
402123
839707
17546
93875
593837
536696
638650
0
672214
474145
840722
820005
115116
414281
618431
282559
335133
33949
353205
414514
186974
601570
612111
312560
748811
636649
367792
425349
12905
134152
385994
44985
87464
517146
252465
311259
167447
4720
0
469618
108823
878114
403228
853896
406001
651616
766412
371091
315523
233222
415563
616102
464749
141279
42267
327165
407885
40016
382471
534395
287773
398423
692986
5195
29174
575408
430059
826578
210086
0
0
432514
0
0
0
400015
11481
724559
796384
496177
153687
143211
541697
883395
721566
312933
555619
678688
834423
225593
691117
482424
626971
203145
805367
262123
862276
10732
322139
802459
334423
419548
358569
396894
508676
431512
426866
633762
269676
336855
759896
536969
593672
0
50321
0
358089
235897
253840
306118
575095
574914
0
832024
0
337471
207752
383897
461808
643497
299961
426189
176650
288487
0
315283
833604
477160
579002
216886
443972
0
383812
151249
14011
547738
726401
485706
0
610199
0
102293
298718
437533
47922
303988
404961
369279
317842
496726
642733
731409
36520
449340
649853
603166
878228
597063
710283
87187
0
267860
169648
424971
49067
813616
602666
405425
412927
129863
129229
0
345761
541553
15803
507288
475498
534369
506525
0
144701
262863
268311
811178
825809
31770
527949
333994
742438
351837
534787
299949
249655
334392
354877
412327
261613
587500
0
304498
830968
174192
366416
806687
345702
495825
0
0
660151
564062
471707
0
0
853624
843241
396297
515351
1147
360248
371394
0
8640
301300
346202
0
769782
388486
