200806
183433
1214460348
210774996
51547
191522082
62080896
47482266
677643
44075919
214739092
404538460
850579
131848
2525175
3
171808
1027301
58408
426408
1264009848
741487848
4720523
158918475
16196308
431315
52480
1296517
10486741
1826404
867338
2069326
18116
951588
184639
75219663
168164274
218703188
595465
369339038
1677328
698444848
14424
68406969
1080525
25053
330193432
188295
9136
174083
1418732
265776828
976151
733479848
313098
1494355
15436
42741
52958
616207
1487232848
787114
191994
65487243
574320848
118042311
473331736
716397
8823731
878624848
56883
1086204
575321848
123395142
467848214
47482266
196405148
589623
426408
1194461
238471
387177542
47469
3498772
1097598
65487243
180329799
8823731
348870
34830120
790934
996388
76192905
82
3890408
203349
2371923
11949
96144366
108768
2051665
396592308
285597308
34720
2842567
43102677
854690
834195
636382848
416004006
1802771
77652768
194490
391730
177526
122583
152105781
320283152
3029060
3134112
68754
1598844348
19308833
815561848
112202859
391730
578143
37642
280959
858893
233917
339112684
1838335
1624338
709186
13065
24124458
104600
5198585
171808
802
311324
168528
41932
5104878
6725
327715862
666412848
623
1723
535516
1311056
15023
702013
623
96657
74625
4893
1296517
36289983
783295
1254946
500004752348
6089048
1435006
1311056
8
10859
185855
158202
566312848
71676
19065
15436
85174
482912
838277
880078
1379020
1282600
171808
2051665
7883
146257
897590
118528932
58408
762
95121
171808
790934
44562540
11254752
13833
402045950
342968
1914
3935153
151180
6942836
880078
45280
90727
3890408
146266329
352491562
1016873
1181231
14
25628
687930
850579
1643982
76425
1043007
27400
379249318
32605
956360
226544
87224
155167
7550801
18353
151132539
12502
587834348
227985
31
1348093848
538340
380614
955201348
52011
705599
140420
159217
76425
7244345
525772348
161256
7291
436273
14328928
1688516
374022
110256375
215392
1494355
1048276
1379124848
402884
160864959
39957
4104
629375848
31235
365313
5478
129043
196900660
1086204
40740
59161170
501247848
2371923
1048276
515815
771960
3980766
359095
415
235415
53
548294848
342968
2608262
10486741
112965
156172
9366475
230935
1634114
307787
1951794
43570
66947106
3893
311859444
38236467
112121
243100
942060
202351292
393958
1053564
6864
15855
45280
80085873
90727
194490
634450
78836
529873
160378338
22850
499253840
1064227
12502
20292
555288
114
36160
1521343
26506
756943
14640158
521768348
2842567
357041
937306
1011669
843
256362100
311324
130907
106363407
202075
6589
3134112
1745991348
136583
625219
39696330
3415947
1214408
416502508
27400
810229
218156
9002107
485295784
189523
458875178
405535464
1517262848
1187836
324119
140420
119502174
1712958348
690937348
3252401
2261
112965
921167348
3980766
140420
884420
24611079
3219
379249318
1091337348
2220363
189575598
4331852
1604812
124408
185196009
7865693
346843
348870
5009
104600
568815348
787114
143338
55387
2279800
46589
1425
98222
125333
10960719
35797
329697918
3714911
103776
518618
1006752848
44420
199538
170692
2637545
7865693
57701307
560807348
175222
47968887
697443848
17653
402884
1341128
491026
280959
5104878
3046
794765
238523668
228117916
787114
2279800
92150
1711070
7291
3
325975
472244
1539435
1936326
60493
2498439
1468316
4498289
1207751
299197
3585064
147239571
1363724
7550801
8034
311324
405138
314872
161351580
2422474
20541
328706890
3171658
253991
61559
421636
431315
436273
145779708
527053
1207751
160864959
56382
709186
174976968
2322189
501972
2473084
50178
124408
68179
32259
36529
786032348
203349
177526
6330
10105547
191994
485614
272893
1512310
187073
431315
1886315
2117
97437
21300
176370
94366
3098822
9303
513021
1187836
155167
16522
2640
338121656
2346802
1333610
292472
21204732
806309
1557569
64805
290820
469621
298480620
444917122
96657
5243
2961380
5198585
47482266
648394848
1346091848
365313
477525
59161170
1983014
30898
357041
69335
720967348
66947106
2871862
2930852
2104698
187629114
1291537348
258692
9183876
2299782
492274812
218703188
16818768
114673
433950078
80085873
178687
22850
20790
322264
3134112
924055
180816420
235415
285597308
1600
59442
194441853
1451573
604350848
344884
937306
549796348
1056302348
28622
204627
1009755848
555301848
753204
18116
66460485
1595071
20790
4176918
1983014
371830
74028
263401
121935279
2498439
38022
78233
275191556
287528
3890408
497259832
474878
43102677
29585
86535
91278156
1936326
111716238
9919752
1874272
10859
610356848
306029
13706468
104600
247754
12688
380735860
36160
42616056
667466
702013
1058866
467
140913498
7550801
85174
9136
1711070
670829
350013992
2161807
471337728
1595071
45535782
327849
185855
346843
33370257
762
1088334348
211263
102173
1614575
55754823
1139174
382833
1468316
149672676
1248033
1654991
1779181
240004
215392
790934
203349
3171658
32952
3499
1289521
5011282
911157348
1923107
117069069
3403
1303581
206315388
35078
34007
10504
733980348
3628271
725
235415
8
601329
142373361
271303
184639
1111357348
3845950
196405148
1246492348
2239986
738330
31235
13444
162324822
382833
906410
23391
193238
1476875
163316
258839660
426408
157187
764429
2113358348
177410073
368843524
47968887
382222402
981187
73437
1539435
1654991
842369
22325
768192
4387203
4547
2016487
1588333848
1396642348
119897
72849
46589
73437
54781581
3029060
668915348
3714911
598397
277705
349022964
474878
39696330
211270508
461775
168528
1037754
2961380
35316741
4887953
1006570
14621
56883
19308
8652
1175050
1187836
22664595
1898466
9549580
5969205
277669116
125828247
183433
218156
558120
1481
1069595
121677
491026
2666830
226631380
7244345
8823731
1366612348
42129435
477525
474878
22582
197006
12470042
30898
68754
86535
1234980848
854690
559806348
1688516
156485370
54781581
2371923
188295
1175050
4176918
11556707
802452
781027348
26212
6505585
136583
178687
237
1870615848
17882
2579565
76425
1246492348
928469
1220
35078
382833
57701307
446326
496482
8180769
38723088
919641
10504
103930302
80572494
176370
467848214
1048276
725972348
19065
13706468
132640941
1145141
48813
113812
469621
124408
2335
720037
187073
971115
1121291
1169009
1850
1485586
456598
9549580
1779181
966080
48361
218156
55884
9183876
63713
4776149
2104698
27704
20718111
657443
368843524
372807636
229455
125333
511257848
802452
28312
492773314
1048276
131667699
456598
131848
1289521
192495337
553299848
531778348
9002107
3893
8187
1369
292472
191994
29963910
78836
399565392
185855
162283
131848
2696115
50633
99798
581013
910820
3310
2299782
1914
161256
319292124
130907
282624236
145284
4831838
749465
663409848
28622
219540
40740
19551
8496274
344
87913
43102677
211263
51547
802
55387
906410
6651291
331605
53923
139452
331605
699946348
694876
135074046
15855
215392
1169009
297511
5836
371830
446326
29906
160864959
454388660
518618
26557563
1027301
3935153
431315
3046
433950078
333662030
539786348
225134
120780
23663
22664595
11220
5772374
204627
2579565
589623
39180
4609387
1369
1011669
346545394
1001476
141400119
96657
478316756
158431854
287528
369657
21812
628288
603349848
480212
13087572
41135
3131
51375234
6505585
610216
1
78626010
19308
14
252426
399565392
1485586
310868420
1109405
101381
426472548
55884
241001228
600847348
5482822
165244548
843
330688946
2930852
168528
1032523
6942836
3758330
105432
1046292348
1097598
1779181
59967
44420
42741
139940256
23938
360915300
6797021
8809
698427
745737
11254752
77630
249424932
1756258
880078
474878
2181319
55268202
1476875
760682
625219
4331852
11220
1661
1074982
676422848
7436
3935153
176370
5969205
1443241
217712164
1468316
770016348
981187
915230
56728065
558120
1910779
986247
28990668
82562
1476875
88608
501972
115537
125333
2299782
825071348
185196009
108796512
3541857
1303581
120780
1654991
2640
30563
316319052
299
30563
7397161
65487243
6942836
89818293
140913498
138967014
243100
543289848
1468213848
1002748848
271303
32259
333492
8180769
45715
467
10486741
53
22177974
830121
1074982
2422474
9640
2142504
1476875
68754
53923
1169009
253991
4831838
589623
8496274
1654991
1103484
1485230848
923669848
3585064
1114360348
31916
64805
44848
412156
60493
3935153
483800278
1435006
2666830
92150
12876
1624338
159891717
2239986
1575966
1485586
53440
21300
202075
297511
4547
882128348
2525175
41533
122908521
6864
432454572
667466
285884
443789
111280
9733957
19744869
15573848
1468316
74028
1910779
3498772
304297
11949
1311056
109283133
16522
3334031
235415
1289521
212638
1435006
3063672
405138
18116
436273
34007
69920
64027380
58924
181044
316702
4776149
97437
280959
63540759
527774348
131848
40740
4498289
1053564
2901347
402045950
6458
67920348
919641
112965
90020
2181319
474328740
5292908
3890408
694876
637631
2729473848
806309
1265010848
761007348
159891717
1850280
1303581
208588
660773
191994
62080896
790934
17197
884420
965711848
114673
1152898848
230935
3219
1566721
206315388
850579
431315
4887953
1248033
686933348
897643848
1980
810229
1127247
725
1115345
806309
2525175
1402611
4227112
41932
18116
1151108
138967014
3134112
18353
935
2087012
100589
439
61107654
456598
858893
342581282
23663
10155
430460564
540787348
2087012
163316
1983014
433785
2881
161256
3995
198270
1248033
634450
117555690
342581282
1294039848
91437
91437
9640
1814578
2901347
363888384
67433727
2498439
4547
297489596
3211939
31575
142365
3541857
6725
381726888
20541
628288
7550801
3252401
447409632
865611848
3845950
95884
3935153
327849
776022348
4720523
631357
1418732
1494355
1371617348
233917
1850280
2259830
604851348
102957060
195909636
118042311
595465
462364692
694876
279328
756943
485295784
1723
664115
1386733
36529
327715862
23151216
620867348
854690
1539
455884166
169599
2145390348
177526
24773
1006570
299
120780
563823
1494355
15645
787114
17197
273209508
734647
135560667
629876348
3211939
858893
560970
318556
60134412
292472
18997378
377267262
802
181303041
1530384
441273
65355
252426
77027
3046
3541857
1420666348
191994
3498772
407425
62632
107934
36160
203349
148216
49723
1034780848
3845950
611858348
30450531
102969
569315848
169599
346545394
601329
371830
1494355
402045950
4387203
64805
216225628
36898
3211939
1145891848
16507538
262803756
1585342
342581282
277705
1566721
843589848
1410662
1282600
956360
15229
39209709
295507548
966080
625219
85174
57892
117272
2048
665411848
880078
115537
309553
2813275
86535
124408
1503317
64805
45280
504717
1379020
1121291
33299
172944
446326
967713848
51375234
1983014
198270
28943
64514001
35797
2397177
10504
241496740
13087572
356455674
7732
1032523
116403
74028
85852
16746
102470439
87385188
521424
291047940
971217348
507479
30898
1604812
327849
67607
5772374
3758330
43102677
2754691
1227751
1222468348
866612848
44420
92738019
122583
289173
6359921
486292788
1043007
28312
1666150
1521343
89313
3228472348
1923107
122908521
382833
3794
3585064
601329
3171658
518618
3893
263401
2994641
120780
172543863
496482
2725400
43570
7244345
28622
6725
1127247
3995
3029060
433785
341590254
204627
637631
518618
240010204
2562
29963910
9983
193238
1268772
15436
337271
16299
753204
491277808
23637837
4433
810056348
362897356
3671492
3585064
170692
19308833
169137516
2261
716397
226631380
3252401
342968
1753498848
3890408
2279800
256
41
684469
73759800
822141
171808
1183429348
81288
324742778
3334031
1248033
1147893848
1923107
299197
241552
572409
81911
771960
7582
1886315
1476875
415
830121
276085
30233
607236
325975
3098822
664115
1699773
326229320
132640941
534781348
208588
996388
560970
165244548
6505585
260821708
128114
84465462
199538
1485586
1575966
338617170
51375234
64259
181044
311859444
518618
324119
1786
49915371
77166147
17653
222334
1157903848
279155652
1624338
1983014
10486741
723682
19551
29906
1348652
1143389348
112965
532693
24773
1127247
6080
1443241
16818768
224153820
694876
850579
521424
1711070
643389848
409789
83005599
38792
1677328
1348652
181
4944440
358437730
49428750
6330
31
4126724
485614
4126724
320283152
119019
198387196
53
275687068
194928482
154165
235415
132791
694876
250415956
6222366
7708155
608855348
121677
423980038
3671492
197006
781527848
1898466
128114
803049348
5387519
166421
4227112
80669
11858662
181
1333610
893189
6330
592535
2994641
24124458
169137516
5011282
1435006
1661
85174
48361
147726192
331605
3171658
295825
1086204
61023
46589
1029
1677328
238471
14328928
269713
651397848
226544
427968054
592535
654113
96657
335381
9136
43150
144806466
1207751
647453
2104698
197396172
647453
738330
1575821348
3219
420490524
1898466
6222366
784030348
1318
90727
20292
82032357
1634114
54409
97604229
1898466
16818768
192008708
124408
1005751848
23637837
361906328
11254752
62095
170110758
10859
64259
1095841848
1386733
37269
303435740
527053
12502
4831838
87224
18686148
65487243
917163348
12317
104600
1767555
745737
6330
443789
443789
464383
274200532
87913
613207
94366
516763348
1661
810556848
178687
95121
8187
656
371816608
572409
54409
101983818
22850
1227751
1369
341060
3499
7865693
170692
716397
1767555
13706468
1221967848
644147
78836
2719
4442746
60134412
7732
261827
286092820
3334031
6089048
266767852
2123220
16746
376219
58187928
223734
1037283348
5870745
2335
10105547
1336081848
365313
307787
1910779
160233
15885078
4387203
2049294348
75219663
43150
1850280
455385664
480212
457878174
3628271
53923
106850028
4323
15023
64805
1600
3211939
180816420
1234425
1
1883628848
275687068
601329
716397
1248033
942060
524238
220936
438770
169599
55884
341060
270731948
155167
123493
159217
3403
9303
369657
7147
169599
956360
247754
96657
985231348
43150
280959
94366
426408
6797021
26557563
78626010
1418732
1194461
3029060
5716
26212
513021
65915
1503317
1163042
112121
28622
103776
507479
1704449848
695942348
742029
168528
1371308
2371923
253991
286588332
893189
14017698
595465
507479
268126
40740
86411946
189575598
1476875
192495337
1103484
92150
9471
71676
1086204
229455
1386733
504717
407425
50178
198270
33299
2188
1643982
174003726
177526
302591
558805348
2104698
38022
178869936
9183876
606352848
409789
694876
135560667
756943
97437
3046
6725
11858662
1061307348
197891684
3499
190548840
1121291
694440848
480809266
356455674
3935153
1482728348
4277344
305417788
177526
289065892
146257
2498439
137020530
477525
1114360348
3293073
6505585
52348476
136047288
290820
698427
153166
2322189
2279800
376219
1744961
1410662
155167
23119
135628
226631380
15645
2259830
438436596
22177974
40740
3456907
6080
158431854
2525175
1001476
510250
738330
496482
1163042
104600
311324
644147
391730
185682630
301949204
1355601348
1862253
168528
169599
34343499
1115345
32397015
538284848
348870
3758330
99798
126260
991315
814197
919641
238471
140420
528
4887953
1643982
212638
695942348
160233
9919752
1006570
189523
446326
749465
94197882
25628
241552
119019
656402848
387278
528
634380848
80669
87871809
7550801
9366475
41932
27530805
34720
119019
49268
104600
756943
637631
17752458
56883
33856878
1936326
8809
13706468
133127562
106266
316702
89313
494767322
8809
1363724
884130348
1451573
47469
314872
1602347848
691395
7004
1386733
95884
150189
18827
4277344
17653
2579565
87913
1
82
290820
1311056
47469
9549580
182237
592535
137020530
1451573
8338307
121677
7436
730986
764010348
358437730
1214408
1443241
2930852
424012
44075919
826117
731477848
814197
100589
2473084
7397161
464383
794765
846472
1069595
126801489
451436
937306
46022403
786032348
625371848
137507151
9733957
7397161
105390165
87385188
28622
1500245848
169599
604268
134677
44848
991315
3845950
388664084
768192
75706284
5482822
431315
4553835
175222
442923114
342968
461775
847093348
117272
847093348
2371923
1814578
1802771
181044
285101796
