183715222
2099318360
5909817
17660848
8196275
3539697
954838
951339342
65937635
105956133122
152830642
10021079122
5933841
4660171486
43079626
20430159622
12660936622
318610575122
53813300
7789840
437089658
442991662
169912805
19346673
615415728
8704976124
61593508
10743855622
47602500
49131929122
11187038
1431645
3734234691
204713568
23508578122
512017732
63069477622
21064840
1949403
2097348
11289428
3244423
58895967
1108920
119812989
2218689
17955636622
1165544
406338210
94929
3375723
506702
20212303
1207355
8659189
18625946
291726234
88496485
927832360
8405451451
244449704
169062472
103200846
210027554
16121972122
113850228
46579983622
122469630122
24925685
8256642
17549611
113109
71074498
4736396362
97650335622
144931888
700476
76218898
180505960
28167414622
5334041
52954103122
54988175
24373
130801453622
35513976
827232
132054279
316487954622
16693137
902206
25488249
119821271
34763120
48675386122
3293878
13520076622
5130938
26450184
5597776
61516182
425637318
94301953
301906615
23602484122
80770081
62222362
214932655
69433107622
152882872
90346954
22891652
7053437144
30062304
150887291
117519184622
29010680
77061
163886415
13528623
8352711
8449915962
13739357122
32127762
14234311
45489075622
16279741
431647650
14490605122
15000322
4954206
4689000125
18623718
127129278
45189038
16994
273678906
32120957122
901893924
77824029122
39748322122
149450083622
22290297622
151228685
1025142233
19895073
27564518122
515456860
194031120122
1357519
6764234
156516773
282676268
6079157
91732324
222772914
32129722
302238445
20696835
159506
726745275
69660380122
15899942
57948560
13526721
17706166
26242733
1047366151
32166962
36798229
52863996
95726662
176431
48945615622
1673187
88049957
14996418
8975183537
197966002
18996594622
96260067
55167999
10103996122
1347672
3629669797
36094151
2613268
6638740
6060277
40322005
95153662
131928273
8289159653
54837583
37600971622
7013328
21576210
40206
250380
154104441
1273123
1075888779
68137
1205090310
2619690190
120125788622
840929095
56562491122
17849887
25153557
21532418
31759844
6479760
26234849122
82414851
60649673
27260
98224409122
8940240
725239983
374952603
444896347
14239356622
57461591122
12016082122
6946917766
260073710
188120057
378117
6482329
520250780
3710436
39318752122
3086224
1032721083
457315682
215214
387824758
4003956
291726234
590764842
30423828
1278275988
31394684122
735634
19076687
89514207622
16569024622
6172588
139454799
8584169
54768351
29754946
186343869
6471978154
49169570
35900996
352547763
2408072
11073913
92908954
8150333
169003557
612952
17817425
6052770
50539195
28102396
2787775814
18874
14395821
18711770
16769324122
511342
7234963
452675714
125878033
1275769
388862208
182262
3269938
140376081
30006534
1350449
48104151
10603511
11124474622
2807320654
96131570
12939657622
97917002
136407014
255319046
853573645
290283
6253201
3576429
1153531
14148515
375976978
1563800704
8731361658
50972115
35489541
580786915
26222336
772140718
322400913
7904586
32306549
495880248
19525565122
8746508909
89037231122
12512236
189091185122
347270
663545428
101567248622
56365147
508319174
16017077122
192858
10575991
470162559
15122937
13256807
39220085
410546779
26181763
53940781
710691147
13187
4979999
9139211
39251319622
8755304087
135402
93368558122
64481536
824755574
263285198
16381044
30581350
2574248437
44067498622
15069747
2851785165
29825132
23335592
5489
118811037
4824252
675771954
18902480
243115967
6673655
45149419
27437145622
111931528
471144195
288615528
12385004
13273663
1688459
20277636
64266582
61294290
67745796622
6242443
38843658
17971295
14780722
101716394
8654349
964127
954783040
1045232
14219376622
484684785
58895655622
76239794122
22461425
226614170622
2956013
107330009
499343
568029649
65571298
6133789
940528
64322054
26960
13770825
1298018765
39992006
47600059
25520022
22393194622
24587498122
40849719622
290002962
2938827
117899505
62738808622
30566013622
81159861622
1284683365
65599202
733275019
26665418122
7556501
293859296
27973109122
492123836
567337990
43430136622
383
6049032
42260923
8267660329
3614739
717714723
33147969
79359508
89242936622
94080754
58784943
346185337
62316975
510133830
154201
4547788656
705099980
145938
32774695
69487018
5801616
71903045
277707
7642714070
330190142
33209632
153092552
47771790622
13535301
13734362122
1748457
10982816
39170141
25455629122
107967082
12065058
167344480
47913269
8829085858
302824195
60068932
16043051122
72889242
198211788
149871010
108203378122
7408664611
228500054622
6133310
114313378
1872114245
120825487622
18130643
271929947
306270163
40026
129513004
112763433622
6221102
50391615
41561815
83661861122
66888811
23965121122
53046182
10515967
61817730622
57951101122
15271673
321142756
5034626
38214857122
176557
882590288
274917
35182105
15273
437520754
1831038
247327739
47115852
68820414
9267378895
50472959
9735477813
9763836622
12619756
70433852
11087970
75829055
139718003
317595305
15268826122
107008007
43834190
65366678122
47463099622
49348217
321572003
2615593
659662528
1866004
49147263
12293304622
5510528
116963811
25414112
99550233622
14986658
5944467
74781895
346934659
20838251122
316480060
342833283
40399107
251863
32263314622
164404480
26646930
5613959678
615577
2002380
30067919
1069962
78434322
3220953
40860319
86542721
24490095622
271971895
473104
62906909
16988657
4438503
464536
33518558122
237302
56791886
11127908
18000591622
9126554
11569029622
3889514
14552805
1953340
45037606
68873739
150249027
17054961
47636426122
16300793122
1228373
15973815
36079612
4570851
7683758234
62429118622
15056954
25597986622
33660915622
228895411
5352697
113644313622
39826244122
110490663122
665547496
7999216
273354771
9067620
45755348
6232194
57713339122
27856805
2700312655
12329454
44511745
10780818622
31213008
41811257122
42156911122
4081644222
3688699
11212410
10741899
228880132
435600894
141300013
143815379
33122
7643745
53788511
819024
23047040122
2959281785
373850583
102716796
49475245
5436410
21564524122
7722359293
707934964
227632584
545720972
2155038
90346954
230321938
106598871
7332026
88388082622
59141281
1389855188
10150255
245114666
20316932
2187438
75894140122
291316794
3996850
25403553
1185642768
39698871622
114015078
52220837122
13052833
7698275
2596236382
20268821122
4186748
279131570
24993
52302783
12925573
49820481
460187165
29821438
20375903
83457156622
184142744
138058049
22742606
88321471
525909
29078945
713199567
34199876122
2063161146
38256934
9426620
13267104
33686889622
193647117
152490
32784549
39256314622
79922474
38138739
505406945
499454269
28782798622
43071995122
6115284824
46233688
1409
150987021
189001595622
38170974
24580005622
22666046
755250704
241730350
94757893
74979555622
772824023
123136296122
20238351622
14373222622
20355001
31392834
115666263
24772313122
60183366622
47178677
1300084597
68840201122
9993948
140517250
298372291
26114469622
251608516
147141777622
44952612622
8860846223
82301773
29108972122
1154446
33866709622
11135778
65199222
171966323
26302399
112063788
183214726
176724589
602551
75217701
10462536
17634061
1828891
1267587994
1695179
112609780122
146246554
817375772
69571968622
81861555
11153945122
1162914969
87717913122
843451
56976572
43939017
82528259
159206
101378931
34499941
7742881375
19027661
3902320315
154161320
604230838
18702812
192705499
75907127122
7541785
1879369
6696083
31033046122
11793230
95578209
498872644
577968
2139167
20920864
24612575
73431594
47512325
102350313
8953794
6571078
49816743622
102477658122
29456624122
12164955
53483073622
9180737
10463995
1824913
27887888
18852738622
76430631
86418
270274
3232809
24333845
38469102622
46041173
115695362622
16997595622
58273331
193863614
27137945122
43522544122
28195244
28202570
5086248998
103235973
23765820622
25996361
151136616
44699853
112655076
36888684622
785670157
56660892622
2627353
1638691
1033574
238883570
21008500
41615253
3043324597
1015755
1987673
602835946
65532930
251928728
4344447
44313752122
4206541
513904368
399213027
4294466
530409622
272728110
76913120122
18707286
798652952
993774029
167662004
16591994
112391061622
26846237122
167003440
2170655566
10552547122
73056084
22855358
52925061
2729141294
147388504
473820386
36903669622
272231103
600433632
666162824
150252385122
2396161
11968690
36428916
470041047
67088254
37001918
170953535
1579436256
311892844
2579319
19009421
22397669
4796982
185939260
105942215
255870568
2603399
8949775245
3359605
68021520622
10024076122
657115270
64580964622
297483
1177108986
24782802622
224866713
109437461
452835537
117188259
125748148
11185458
176941
38446046
20267845
88021216122
75963071122
277020648
80170670
4427776
244101
379204600
18364227622
30770005
229969141
30874009
19593503
15447647122
513161879
340607834
9374242
58047504622
108428987
24923661622
411171814
117974
3130542
113324672
79812695
107095801
184678777122
54663891622
11099999122
103773
87495691122
55988491
180437
319532
462533085
124703660
54751047
63325551
308259817
53516919
20532557122
4787701567
306550324
26523060622
29642438122
7134548230
601673536
27671411122
3585927
10656979
4832433
50574984622
172605574
217971979
157870874
649333901
2687827
774
1793
103771450622
32158919122
243276317
257011648
32259818122
40851218122
72083104
113591305
9562505979
42128939122
29618462122
122133566
54338635
185718670
4496351
56661725
1947933
6818899064
1948178
376473454
2041787
21762029
19542943
28484097622
306891
67424618122
296413685
67488179
6978189510
5190720
8199809
3229000577
9540343
52009548622
812865893
33184892122
372884
2669040911
7739461028
13365685
56268028
107989753
49628808
20761407
45475460
38443897
759020672
29315
57161280
46252811122
45658916
422198320
80342498
64089776
140404311
13188632
40447616
1846160
505342242
99061890
188955
19425795
97315095
31338477
56060493622
6205229
35268306622
55096458622
11671427122
254101960
34602473122
224918
104133012
995584718
59696853622
34810265122
60394155622
529107
5169314568
18134957122
25515069622
53648305
0
7799106
58791260122
33849
15915118
69024516622
9859241122
711318252
16400193622
7912790
276040047122
11796450
73
17323911
121436829
101551106
7226833
11999350
2071867
35804270122
1820952
23135451622
685876568
6718731759
3328321
33634442122
10461087
2377048
6600158
66302241622
25772312122
46093445
35691421
259807294
209352654
135100540
19440863
49258302622
3231932303
125947345
18838443
88451111
193546366
50290246
23213204
9464671
5809788
341620253
21220574
17053925
135075723622
61210292
115652
20668361
47431906
259483988
921344916
109350
10684519
203046
18288909
12416681122
470
1333654712
9798852
249932999
155299220
2097348
5890954
7019784
56855453
20045103
14467128622
376065
15660038
91976666
4796985366
122696299
4376205
770638872
341191649
3743029869
50070484
27220862122
14061534622
1149667497
17391701122
40452026
322400913
73893074
17752565
15637956
425301806
97982667622
7062232322
87611807
63927894
1056106591
41371697122
25877953
147239554
428704875
10484115622
179066596
256365036
49603588
5539000
274831840122
18874378
237148336
228393284
3471741
31695357
6619167
335782000
134438649
247048676
41428975
426014769
48815028
26686896622
110400676
45285142
4717394
517005
46044519622
124686344622
4077735254
8408383177
90634326622
5666730746
162044815
1711379
24985955
55275976
14200571
8785598589
552184649
176724589
568029649
49369191622
3291544065
28011638
453567522
74706296
7732131713
150249027
63016605
6215452129
11018604
264615135
14551831
19912178122
4465462
34200875122
18531729
1282453
9295230
201788
16733859622
22183404622
196463714
11635630
69517023622
1109364711
1214893698
1632940
63246549
98661575
13652537
21633100
19820670
129574372
6599630
3086224
938316
42955611622
109350
158633747
543683950
27188419
41713475
72574064
1021201231
83479103
520250780
131541483
46626525
30120631
10192617
46471592
177310084
13322274622
1110150531
21821766622
4195532
29219316
88671599
43632074
18104627
5262553
12445652122
21689193
1619013747
67305254
21775809
522127
40343226622
35745828622
19357
24606978622
61324224622
65979065122
4003242
6387390
156685311622
5773982
281728688
55194216
13535301
161780085
3908064
48984837
251511
729254
10011156
673430641
325240461
70086786
20766822622
4296697
228199
100099782622
41263805122
7915134
21119969122
815872479
2628973989
10922676622
4508112
21629221
521645
5564745
24703382122
81394987
100740
17120230
154781
5585261
6721811
406675
42683482
36078995122
5059706
1262219
1995130
21775809
769508
269942083
117548982
7030544
276216121
112632302622
33951484
856661380
48037524622
12029568622
64290851
95780646
130418462
218414599
1959575614
4805122
69218322622
62456091622
6699675540
1316744
98099603
158371570
73365823
83527517
23433212
15681912622
9081950
111931528
224487013
1231049968
84852608
86951661
24524061622
438517867
67586915
18331343
137853207
118071957
189002322
3817619
46019544622
4145603
105613895
1177267019
115666263
15906
64374059
81796633
129101002
203552356
421317601
9252198
5208404248
83568768122
46769820
87072268122
464439869
984883140
53675765
22353509
184607205622
10217030
45633044
27713369122
16774818622
269613949
31078001122
283348
35387741
49999756
9134771
42128015
250045460
4368464749
1395718520
1324874581
39844807
172762458
144496571
39122448622
467002110
13867027
167156320
4808712270
1044290931
41932995
218931028
6427937
8588684326
10218468
364644
533325
60932616622
133495719
94610383
4869333
3467581
21872715622
119716880122
11314836
42947619622
32283794122
20987216
631053948
80955331
72653488
3063883
19902184
8885336
1510314
50720298
25612795
263457242
222772914
1383502
143550527
771459
7412822
50951340
4190118084
307895203
104884295
145100738622
5539882
45317960
80309087
44112762
9977521
11902822
34990815
108512335
641501728
42739328122
53308248622
549255661
101819706
42308336
1792883
145008052
7214193453
69992048122
75297747
54089466622
201711987
372884
30128300
181174
7484159
9204749
72327210622
44987577622
3679997760
77821026122
81233254
47998563622
3989783474
23044576
75542335
48208353622
30300779122
1523458
5222791
240299266
42094309
9068864
71515212
172400418
117123
685753341
174633
10871704
13454045
224623579
55133076
13504965
87191183
77440417
41048169
66273770122
11146796
36961611622
470752
359567083
12589508122
39096495
627102
7377808
8405670
64065598
415130369
14046331
470101270
9177497
821000
232654
44053170
74652932
98709070
116473640122
2248344715
349813633
9680752261
14111883
242502543122
72425612122
85286691
3090242
12092505622
4040994
4954206
11109087
130820973122
14176471
274737747
59119451
81876578
80541069
6703584508
21749645
345830395
2858625859
39882188122
108451706
14309580
496494
424043636
133530
88085073
50803368
13237859122
48842099
9892744
1253804
42486581122
36357930
733526166
3487282
50631428122
986534333
1643267
3158132
5051068286
6810502
202451028
19245345622
274641
103629795
3993663
16982468
72642654
105438115622
15596043
180237604
90126319122
130792455
14001023
1129796289
79297511
6245746631
9583953
82168348
12524
57436828
47139996
1099354
102917331
1202710815
295179
127943890
1107141
899851
2925026
52883174122
18532832
321704079
58422629122
20775082
56465209
67806735622
116339020
187371856
1496598
4870767137
231042871
114564578
487603408
562817990
317372112
50382177622
19375215622
2233703
66269842
79659959
16986590
140799897
9621305
1203979879
64062144
15051077
9874036
23348238622
108770157
99143340
31466855
646092901
29800779622
25150595
23472114622
330264198
6338618
68962636
799609582
50383176622
189045048
42570382
4094783
83438137622
3020848031
249393338
42224875
1351254919
140507832
8586241221
255424
286196820
83705401
29354147
1065938
31035543622
43110956122
3380493
45348458
1483997
3710436
9843527
6308417
2068253
102380
10628
299393013
987210
27400641
17176416622
13112438
4561302
128592574
142169513
145694332
21756517
183825130
7034862
19848242122
544701906
29815265122
29406674122
1195756880
280966036
120856529
1949158
46436627122
1603378195
43860705622
61953242
50232148
32565012622
50554561
133593743122
520048220
34511064622
7438470492
25666065
36785395
101290089
1436364
85216887
271203145
449544740
73132251
995433141
135208356122
6347654
13689055
27894488
17201891122
4815064343
17369119
20036054122
19739850622
73205179
230996854
140075241
26629044
22135469
17482610122
1154814
11320430
56358195622
22794110
3318209
100867535
859160975
77381189
15669
187103851
183043828
683635
59680869622
52200993
286128366
863728720
46588361
45522042622
440732617
73505486
50868268
9113302
62559987622
11190999
70279998
453391827
6355701
7320601
6389911
290963070
15349
5270947736
18563827
16545074
7249374165
5687128
36721285
1949649
98361
23063423
25640173
3986937
42990576622
105785963122
93868557622
51459
505406945
2525387152
9901765
203175578
15411683122
8628262627
1236226
2759435796
659018059
12300084
113083306
19973117122
13970625622
8449915962
1221356206
175482433
53582474122
55742312122
609582526
599350581
9395791
8469949423
87256452122
719237
4345959
305765875
21602985622
7079682
32504573122
508451780
636747864
30760375
1702
47852094
12919249
77604689
2564964643
69926128
37393679122
16482
129890462
19974244
110624822
69444181
125132011
3234374
74172863122
1202552337
42168551
471206432
8216843745
9810290122
208267078
98444516
557013
17365951
26899732
325769
23734184
1310868
57564
1046746739
5363064
872865
620147292
46466828
193243833622
345475453
205294768
31309408
91382683
84439396
4011834
139352278
64131369
17380212622
186455205
259541042
3977406
29078945
4751054992
27312451
13690017
417797185
545673
126155288
16628751
2778109
511008496
418256054
56032591
31377298
513701871
2195297
5692627659
4181639
1303699803
42018115
17539999
31170614
20038551622
29678901622
148657291622
6182
182250378
67045497622
127347802
5959285
73453730
17488104622
4650042
27235347622
982782384
58230348
48839721622
4258036403
25006578622
23800109
37846475
41288280622
18934181
119648661
268494435
417297157
17109869
85778976122
81238
14054043
39065505622
21171428
39174396622
73928071
236656945
1377151302
341308412
8813966
115257047
89849519
691581
9569384
125401788
102391791
200091338
0
16392224
1472430447
238484308
7704015
73501724
446901212
188632316
241530306
89856063
2947255
12778693
125410447
20715420
89535228622
18863727622
24171008
83356556122
328995960
12631417
1145159
450680012622
20419670122
1081703847
1721096
1143892
28087994122
51112623
6811081128
4576877
761388652
161654491
62306745
509864702
18420933
112787438
36507619
264518636
25171413622
5517212720
117589092
252079672
402254648
23585501122
24505484
10335111
95760402
260838350
669898
136152354
44945526
70784594
174970957
36546051
38076495622
21129459622
166192000
134765061
652766038
600356138
14954450
20108758
11396702122
92287426
107842410
168944716
666039641
384302000
1683573
27351621
295699451
10618481122
18381483
150049974
1059386559
38122449622
5670151093
7576750235
6823785274
35913452
1990896
1334174878
42744556
130560834
225413805
26869214122
1131652
1378128524
5417045415
95199887622
602161
23095347
15049545622
390356491
197509094622
19421163
18086199
177627232
4696387
13036560622
49593500
281143116
29501079622
185681960
61804244122
39483587122
35782721
2254724
70308731122
155458526
59799334
825030562
6029287528
14365730122
75846975
53796770
136258
172352147
9902
247718528
70782257122
4213959
208071
68417170
41673155
35689346
48539396
54381174622
166968160
43611666
22226361622
2306235
135826
117662542
60062266
43032082
80589706
379370164
16436657122
20480793
1401093241
45522042622
226234443
148192834
22331429
17302055
2319986
47203017
154840
3479937
72332194
181920928
469504764
8757846
51937383
